#
# A fatal error has been detected by the Java Runtime Environment:
#
#  EXCEPTION_ACCESS_VIOLATION (0xc0000005) at pc=0x00007fff13f58b4b, pid=2800, tid=17004
#
# JRE version: Java(TM) SE Runtime Environment 18.9 (11.0.16+11) (build 11.0.16+11-LTS-199)
# Java VM: Java HotSpot(TM) 64-Bit Server VM 18.9 (11.0.16+11-LTS-199, mixed mode, tiered, compressed oops, g1 gc, windows-amd64)
# Problematic frame:
# V  [jvm.dll+0x508b4b]
#
# No core dump will be written. Minidumps are not enabled by default on client versions of Windows
#
# If you would like to submit a bug report, please visit:
#   https://bugreport.java.com/bugreport/crash.jsp
#

---------------  S U M M A R Y ------------

Command Line: --add-opens=java.base/java.util=ALL-UNNAMED --add-opens=java.base/java.lang=ALL-UNNAMED --add-opens=java.base/java.lang.invoke=ALL-UNNAMED --add-opens=java.base/java.util=ALL-UNNAMED --add-opens=java.prefs/java.util.prefs=ALL-UNNAMED --add-opens=java.prefs/java.util.prefs=ALL-UNNAMED --add-opens=java.base/java.nio.charset=ALL-UNNAMED --add-opens=java.base/java.net=ALL-UNNAMED --add-opens=java.base/java.util.concurrent.atomic=ALL-UNNAMED -Xmx1536m -Dfile.encoding=windows-1252 -Duser.country=SK -Duser.language=sk -Duser.variant org.gradle.launcher.daemon.bootstrap.GradleDaemon 7.3.3

Host: Intel(R) Core(TM) i7-6820HQ CPU @ 2.70GHz, 8 cores, 15G,  Windows 10 , 64 bit Build 19041 (10.0.19041.1806)
Time: Wed Aug  3 17:55:01 2022 Stredoeurópsky 4 bit Build 19041 (10.0.19041.1806) elapsed time: 1238.946925 seconds (0d 0h 20m 38s)

---------------  T H R E A D  ---------------

Current thread (0x0000015ae243c000):  JavaThread "C2 CompilerThread2" daemon [_thread_in_native, id=17004, stack(0x0000000f83200000,0x0000000f83300000)]


Current CompileTask:
C2:1238947 20671 % !   4       com.android.tools.r8.internal.jj::c @ 781 (2716 bytes)

Stack: [0x0000000f83200000,0x0000000f83300000],  sp=0x0000000f832fbb30,  free space=1006k
Native frames: (J=compiled Java code, j=interpreted, Vv=VM code, C=native code)
V  [jvm.dll+0x508b4b]
V  [jvm.dll+0x30eda0]
V  [jvm.dll+0x30dfca]
V  [jvm.dll+0x1f84a5]
V  [jvm.dll+0x1f768d]
V  [jvm.dll+0x177c81]
V  [jvm.dll+0x207006]
V  [jvm.dll+0x20519b]
V  [jvm.dll+0x729fa0]
V  [jvm.dll+0x722b74]
V  [jvm.dll+0x629286]
C  [ucrtbase.dll+0x21bb2]
C  [KERNEL32.DLL+0x17034]
C  [ntdll.dll+0x52651]


siginfo: EXCEPTION_ACCESS_VIOLATION (0xc0000005), reading address 0xffffffffffffffff


Register to memory mapping:

RIP=0x00007fff13f58b4b jvm.dll
RAX=0x00020000015adc8f is an unknown value
RBX=0x0000000f832fbca0 is pointing into the stack for thread: 0x0000015ae243c000
RCX=0x0000000000000001 is an unknown value
RDX=0x00000000015a0000 is an unknown value
RSP=0x0000000f832fbb30 is pointing into the stack for thread: 0x0000015ae243c000
RBP=0x0000000f832fbc30 is pointing into the stack for thread: 0x0000015ae243c000
RSI=0x0000015adc8ff11a points into unknown readable memory: 28 14 ff 7f 00 00
RDI=0x0000000000000001 is an unknown value
R8 =0x0000015ae97bfdf0 points into unknown readable memory: 0x000000007fff7fff | ff 7f ff 7f 00 00 00 00
R9 =0x000000000000efff is an unknown value
R10=0x0000015ada87ee20 points into unknown readable memory: 0x0000015adc8fbd08 | 08 bd 8f dc 5a 01 00 00
R11=0x0000000000000001 is an unknown value
R12=0x0 is NULL
R13=0x0000000f832fc170 is pointing into the stack for thread: 0x0000015ae243c000
R14=0x0000015ae97bfdf0 points into unknown readable memory: 0x000000007fff7fff | ff 7f ff 7f 00 00 00 00
R15=0x0000015adcd42b90 points into unknown readable memory: 0x0000015aeafd3040 | 40 30 fd ea 5a 01 00 00


Registers:
RAX=0x00020000015adc8f, RBX=0x0000000f832fbca0, RCX=0x0000000000000001, RDX=0x00000000015a0000
RSP=0x0000000f832fbb30, RBP=0x0000000f832fbc30, RSI=0x0000015adc8ff11a, RDI=0x0000000000000001
R8 =0x0000015ae97bfdf0, R9 =0x000000000000efff, R10=0x0000015ada87ee20, R11=0x0000000000000001
R12=0x0000000000000000, R13=0x0000000f832fc170, R14=0x0000015ae97bfdf0, R15=0x0000015adcd42b90
RIP=0x00007fff13f58b4b, EFLAGS=0x0000000000010283

Top of Stack: (sp=0x0000000f832fbb30)
0x0000000f832fbb30:   0000000000000002 0000015adc8fc088
0x0000000f832fbb40:   0000015a00000005 0000015adc8fc098
0x0000000f832fbb50:   0000000f832fbca0 0000015ada87eed0
0x0000000f832fbb60:   0000000f832fbd10 00007fff1406d6da
0x0000000f832fbb70:   000038b600000002 0000015ae2b904e0
0x0000000f832fbb80:   0000015a00000004 0000015ae6e1fff0
0x0000000f832fbb90:   0000000000000000 0000015ae2b904e0
0x0000000f832fbba0:   0000015a00000004 0000015ae6e1ffd0
0x0000000f832fbbb0:   0000000000000000 0000015ada76d9e8
0x0000000f832fbbc0:   0000015ae97bfde0 0000000000000000
0x0000000f832fbbd0:   0000000000000990 0000015ae2b904e0
0x0000000f832fbbe0:   0000000000000000 0000000000000000
0x0000000f832fbbf0:   0000000000000000 0000000000000000
0x0000000f832fbc00:   0000000000007fd8 00007fff13b02fdc
0x0000000f832fbc10:   0000000000000080 0000015ae2b904e0
0x0000000f832fbc20:   0000000000000010 0000015adcd42b90 

Instructions: (pc=0x00007fff13f58b4b)
0x00007fff13f58b2b:   74 4a bf 01 00 00 00 3b d7 76 41 41 b9 ff ef 00
0x00007fff13f58b3b:   00 0f 1f 40 00 3b 7e 18 73 0c 48 8b 46 20 8b cf
0x00007fff13f58b4b:   48 8b 14 c8 eb 03 49 8b d4 8b 42 2c 66 44 21 4a
0x00007fff13f58b5b:   30 83 e0 0f 3c 0c 74 0b 8b 42 28 49 c7 04 c0 ff 


Stack slot to memory mapping:
stack at sp + 0 slots: 0x0000000000000002 is an unknown value
stack at sp + 1 slots: 0x0000015adc8fc088 points into unknown readable memory: 0x00007fff14281a50 | 50 1a 28 14 ff 7f 00 00
stack at sp + 2 slots: 0x0000015a00000005 is an unknown value
stack at sp + 3 slots: 0x0000015adc8fc098 points into unknown readable memory: 0x0000000f832fe918 | 18 e9 2f 83 0f 00 00 00
stack at sp + 4 slots: 0x0000000f832fbca0 is pointing into the stack for thread: 0x0000015ae243c000
stack at sp + 5 slots: 0x0000015ada87eed0 points into unknown readable memory: 0x00007fff1423d6c0 | c0 d6 23 14 ff 7f 00 00
stack at sp + 6 slots: 0x0000000f832fbd10 is pointing into the stack for thread: 0x0000015ae243c000
stack at sp + 7 slots: 0x00007fff1406d6da jvm.dll


---------------  P R O C E S S  ---------------

Threads class SMR info:
_java_thread_list=0x0000015ae0d4b640, length=151, elements={
0x0000015abc519800, 0x0000015ada225000, 0x0000015ada226800, 0x0000015ada2a4800,
0x0000015ada2a6000, 0x0000015ada2a8000, 0x0000015ada2ab000, 0x0000015ada2b5000,
0x0000015ada2be000, 0x0000015ada423800, 0x0000015adcfe6800, 0x0000015adc5cd800,
0x0000015adb418000, 0x0000015adda5b000, 0x0000015adda57000, 0x0000015adc706800,
0x0000015adc709000, 0x0000015adc70a000, 0x0000015adc70b000, 0x0000015adc70f800,
0x0000015adc711800, 0x0000015adc70e000, 0x0000015adc712000, 0x0000015ade131800,
0x0000015ade136800, 0x0000015ade134800, 0x0000015ade135800, 0x0000015ade130800,
0x0000015ade13c000, 0x0000015adb50f800, 0x0000015ae643e800, 0x0000015ae2a0c800,
0x0000015ae2a0e000, 0x0000015ae2a13000, 0x0000015ae2a0d800, 0x0000015ae2a10800,
0x0000015ae643f000, 0x0000015ae6440000, 0x0000015ae6440800, 0x0000015ae6441800,
0x0000015ae643d800, 0x0000015ae6445000, 0x0000015ae6444000, 0x0000015ae6446800,
0x0000015ae6443000, 0x0000015ae6445800, 0x0000015ae6447000, 0x0000015ae6448000,
0x0000015ae647e800, 0x0000015ae6442800, 0x0000015ae243c000, 0x0000015ae6449800,
0x0000015ae6449000, 0x0000015ae644a800, 0x0000015ae644b800, 0x0000015ae644c000,
0x0000015ae4ed9800, 0x0000015ae4edc000, 0x0000015ae4edb000, 0x0000015ae4ed8800,
0x0000015ae4edc800, 0x0000015ae4edd800, 0x0000015ae4ed8000, 0x0000015ae4ede800,
0x0000015ae4ee1000, 0x0000015ae4ee1800, 0x0000015ae4ee3000, 0x0000015ae4edf000,
0x0000015ae4ee2800, 0x0000015ae4ee4000, 0x0000015ae4ee5000, 0x0000015ae4ee5800,
0x0000015ae4ee0000, 0x0000015ae4ee6800, 0x0000015adb50a800, 0x0000015adb50d800,
0x0000015adb50d000, 0x0000015adb50e800, 0x0000015adb509800, 0x0000015adb510000,
0x0000015adb511000, 0x0000015adb50b800, 0x0000015adb512000, 0x0000015adb50c000,
0x0000015adb516000, 0x0000015adb515000, 0x0000015adb517800, 0x0000015adb512800,
0x0000015adb513800, 0x0000015adb516800, 0x0000015adb518800, 0x0000015ae2a10000,
0x0000015ae2a0f000, 0x0000015ae2a11800, 0x0000015ae2a0c000, 0x0000015ae2a17000,
0x0000015ae2a18000, 0x0000015ae2a12800, 0x0000015ae2a14000, 0x0000015ae2a1a800,
0x0000015ae2a19000, 0x0000015ae2a15000, 0x0000015ae2a15800, 0x0000015ae2a16800,
0x0000015ae2a19800, 0x0000015ade137000, 0x0000015ade138000, 0x0000015ade134000,
0x0000015ade132000, 0x0000015ade139000, 0x0000015ade133000, 0x0000015ade13e800,
0x0000015ade13b000, 0x0000015ade139800, 0x0000015ade13d000, 0x0000015ade13d800,
0x0000015ade13f800, 0x0000015adc706000, 0x0000015adc707800, 0x0000015adc708800,
0x0000015adc704800, 0x0000015adc70b800, 0x0000015adc70d800, 0x0000015adc713000,
0x0000015adda55000, 0x0000015adda5a000, 0x0000015adda58800, 0x0000015adda57800,
0x0000015adda5c000, 0x0000015adda56000, 0x0000015adda59800, 0x0000015ae6588000,
0x0000015ae658c000, 0x0000015ae6589800, 0x0000015ae658a800, 0x0000015ae658b000,
0x0000015ae6588800, 0x0000015ae6587000, 0x0000015ae658e800, 0x0000015ae658f000,
0x0000015ae6590000, 0x0000015ae6591800, 0x0000015ae6592800, 0x0000015ae658c800,
0x0000015ae6591000, 0x0000015ae6593800, 0x0000015ae658d800, 0x0000015ae6594000,
0x0000015ae125a000, 0x0000015ae1256800, 0x0000015ae125a800
}

Java Threads: ( => current thread )
  0x0000015abc519800 JavaThread "main" [_thread_blocked, id=18120, stack(0x0000000f80600000,0x0000000f80700000)]
  0x0000015ada225000 JavaThread "Reference Handler" daemon [_thread_blocked, id=17912, stack(0x0000000f80d00000,0x0000000f80e00000)]
  0x0000015ada226800 JavaThread "Finalizer" daemon [_thread_blocked, id=16852, stack(0x0000000f80e00000,0x0000000f80f00000)]
  0x0000015ada2a4800 JavaThread "Signal Dispatcher" daemon [_thread_blocked, id=16236, stack(0x0000000f80f00000,0x0000000f81000000)]
  0x0000015ada2a6000 JavaThread "Attach Listener" daemon [_thread_blocked, id=11232, stack(0x0000000f81000000,0x0000000f81100000)]
  0x0000015ada2a8000 JavaThread "Service Thread" daemon [_thread_blocked, id=11308, stack(0x0000000f81100000,0x0000000f81200000)]
  0x0000015ada2ab000 JavaThread "C2 CompilerThread0" daemon [_thread_in_native, id=2832, stack(0x0000000f81200000,0x0000000f81300000)]
  0x0000015ada2b5000 JavaThread "C1 CompilerThread0" daemon [_thread_blocked, id=14200, stack(0x0000000f81300000,0x0000000f81400000)]
  0x0000015ada2be000 JavaThread "Sweeper thread" daemon [_thread_blocked, id=2188, stack(0x0000000f81400000,0x0000000f81500000)]
  0x0000015ada423800 JavaThread "Common-Cleaner" daemon [_thread_blocked, id=1748, stack(0x0000000f81500000,0x0000000f81600000)]
  0x0000015adcfe6800 JavaThread "Daemon health stats" [_thread_blocked, id=8000, stack(0x0000000f81e00000,0x0000000f81f00000)]
  0x0000015adc5cd800 JavaThread "Incoming local TCP Connector on port 51405" [_thread_in_native, id=11372, stack(0x0000000f81700000,0x0000000f81800000)]
  0x0000015adb418000 JavaThread "Daemon periodic checks" [_thread_blocked, id=12576, stack(0x0000000f81800000,0x0000000f81900000)]
  0x0000015adda5b000 JavaThread "Cache worker for journal cache (C:\Users\lukas\.gradle\caches\journal-1)" [_thread_blocked, id=3424, stack(0x0000000f82700000,0x0000000f82800000)]
  0x0000015adda57000 JavaThread "File lock request listener" [_thread_in_native, id=84, stack(0x0000000f82800000,0x0000000f82900000)]
  0x0000015adc706800 JavaThread "Cache worker for file hash cache (C:\Users\lukas\.gradle\caches\7.3.3\fileHashes)" [_thread_blocked, id=11388, stack(0x0000000f82900000,0x0000000f82a00000)]
  0x0000015adc709000 JavaThread "File watcher server" daemon [_thread_in_native, id=17016, stack(0x0000000f82e00000,0x0000000f82f00000)]
  0x0000015adc70a000 JavaThread "File watcher consumer" daemon [_thread_blocked, id=16284, stack(0x0000000f82f00000,0x0000000f83000000)]
  0x0000015adc70b000 JavaThread "Cache worker for execution history cache (C:\Users\lukas\.gradle\caches\7.3.3\executionHistory)" [_thread_blocked, id=6836, stack(0x0000000f83400000,0x0000000f83500000)]
  0x0000015adc70f800 JavaThread "jar transforms" [_thread_blocked, id=11772, stack(0x0000000f83500000,0x0000000f83600000)]
  0x0000015adc711800 JavaThread "jar transforms Thread 2" [_thread_blocked, id=11108, stack(0x0000000f83600000,0x0000000f83700000)]
  0x0000015adc70e000 JavaThread "Cache worker for file content cache (C:\Users\lukas\.gradle\caches\7.3.3\fileContent)" [_thread_blocked, id=2320, stack(0x0000000f83700000,0x0000000f83800000)]
  0x0000015adc712000 JavaThread "jar transforms Thread 3" [_thread_blocked, id=11660, stack(0x0000000f83900000,0x0000000f83a00000)]
  0x0000015ade131800 JavaThread "jar transforms Thread 4" [_thread_blocked, id=16748, stack(0x0000000f88b00000,0x0000000f88c00000)]
  0x0000015ade136800 JavaThread "jar transforms Thread 5" [_thread_blocked, id=11148, stack(0x0000000f88c00000,0x0000000f88d00000)]
  0x0000015ade134800 JavaThread "jar transforms Thread 6" [_thread_blocked, id=15876, stack(0x0000000f88d00000,0x0000000f88e00000)]
  0x0000015ade135800 JavaThread "jar transforms Thread 7" [_thread_blocked, id=16568, stack(0x0000000f88e00000,0x0000000f88f00000)]
  0x0000015ade130800 JavaThread "jar transforms Thread 8" [_thread_blocked, id=3564, stack(0x0000000f88f00000,0x0000000f89000000)]
  0x0000015ade13c000 JavaThread "Memory manager" [_thread_blocked, id=8316, stack(0x0000000f89000000,0x0000000f89100000)]
  0x0000015adb50f800 JavaThread "Cache worker for Java compile cache (C:\Users\lukas\.gradle\caches\7.3.3\javaCompile)" [_thread_blocked, id=12092, stack(0x0000000f89700000,0x0000000f89800000)]
  0x0000015ae643e800 JavaThread "ForkJoinPool.commonPool-worker-9" daemon [_thread_blocked, id=17988, stack(0x0000000f8af00000,0x0000000f8b000000)]
  0x0000015ae2a0c800 JavaThread "ForkJoinPool.commonPool-worker-15" daemon [_thread_in_native, id=9924, stack(0x0000000f8ab00000,0x0000000f8ac00000)]
  0x0000015ae2a0e000 JavaThread "ForkJoinPool.commonPool-worker-1" daemon [_thread_blocked, id=16880, stack(0x0000000f8ac00000,0x0000000f8ad00000)]
  0x0000015ae2a13000 JavaThread "ForkJoinPool.commonPool-worker-3" daemon [_thread_blocked, id=4920, stack(0x0000000f8ad00000,0x0000000f8ae00000)]
  0x0000015ae2a0d800 JavaThread "ForkJoinPool.commonPool-worker-5" daemon [_thread_blocked, id=7968, stack(0x0000000f8ae00000,0x0000000f8af00000)]
  0x0000015ae2a10800 JavaThread "ForkJoinPool.commonPool-worker-7" daemon [_thread_blocked, id=14096, stack(0x0000000f8b000000,0x0000000f8b100000)]
  0x0000015ae643f000 JavaThread "Daemon Thread 4" [_thread_blocked, id=17288, stack(0x0000000f80100000,0x0000000f80200000)]
  0x0000015ae6440000 JavaThread "Handler for socket connection from /127.0.0.1:51405 to /127.0.0.1:55690" [_thread_in_native, id=4632, stack(0x0000000f80400000,0x0000000f80500000)]
  0x0000015ae6440800 JavaThread "Cancel handler" [_thread_blocked, id=16796, stack(0x0000000f80500000,0x0000000f80600000)]
  0x0000015ae6441800 JavaThread "Daemon worker Thread 4" [_thread_blocked, id=5728, stack(0x0000000f81f00000,0x0000000f82000000)]
  0x0000015ae643d800 JavaThread "Asynchronous log dispatcher for DefaultDaemonConnection: socket connection from /127.0.0.1:51405 to /127.0.0.1:55690" [_thread_blocked, id=17908, stack(0x0000000f82000000,0x0000000f82100000)]
  0x0000015ae6445000 JavaThread "Stdin handler" [_thread_blocked, id=15464, stack(0x0000000f82100000,0x0000000f82200000)]
  0x0000015ae6444000 JavaThread "Daemon client event forwarder" [_thread_blocked, id=13904, stack(0x0000000f82200000,0x0000000f82300000)]
  0x0000015ae6446800 JavaThread "Cache worker for file hash cache (C:\Users\lukas\AndroidStudioProjects\blabla\thegame\.gradle\7.3.3\fileHashes)" [_thread_blocked, id=9212, stack(0x0000000f82300000,0x0000000f82400000)]
  0x0000015ae6443000 JavaThread "Cache worker for checksums cache (C:\Users\lukas\AndroidStudioProjects\blabla\thegame\.gradle\7.3.3\checksums)" [_thread_blocked, id=5528, stack(0x0000000f82400000,0x0000000f82500000)]
  0x0000015ae6445800 JavaThread "Cache worker for cache directory md-supplier (C:\Users\lukas\.gradle\caches\7.3.3\md-supplier)" [_thread_blocked, id=9324, stack(0x0000000f82500000,0x0000000f82600000)]
  0x0000015ae6447000 JavaThread "Cache worker for cache directory md-rule (C:\Users\lukas\.gradle\caches\7.3.3\md-rule)" [_thread_blocked, id=9348, stack(0x0000000f82600000,0x0000000f82700000)]
  0x0000015ae6448000 JavaThread "Cache worker for dependencies-accessors (C:\Users\lukas\AndroidStudioProjects\blabla\thegame\.gradle\7.3.3\dependencies-accessors)" [_thread_blocked, id=8472, stack(0x0000000f82d00000,0x0000000f82e00000)]
  0x0000015ae647e800 JavaThread "C2 CompilerThread1" daemon [_thread_in_native, id=16472, stack(0x0000000f83000000,0x0000000f83100000)]
  0x0000015ae6442800 JavaThread "Cache worker for Build Output Cleanup Cache (C:\Users\lukas\AndroidStudioProjects\blabla\thegame\.gradle\buildOutputCleanup)" [_thread_blocked, id=4448, stack(0x0000000f83100000,0x0000000f83200000)]
=>0x0000015ae243c000 JavaThread "C2 CompilerThread2" daemon [_thread_in_native, id=17004, stack(0x0000000f83200000,0x0000000f83300000)]
  0x0000015ae6449800 JavaThread "Unconstrained build operations" [_thread_blocked, id=6960, stack(0x0000000f83300000,0x0000000f83400000)]
  0x0000015ae6449000 JavaThread "Unconstrained build operations Thread 2" [_thread_blocked, id=17812, stack(0x0000000f83800000,0x0000000f83900000)]
  0x0000015ae644a800 JavaThread "Unconstrained build operations Thread 3" [_thread_blocked, id=2928, stack(0x0000000f83a00000,0x0000000f83b00000)]
  0x0000015ae644b800 JavaThread "Unconstrained build operations Thread 4" [_thread_blocked, id=13644, stack(0x0000000f83b00000,0x0000000f83c00000)]
  0x0000015ae644c000 JavaThread "Unconstrained build operations Thread 5" [_thread_blocked, id=8652, stack(0x0000000f83c00000,0x0000000f83d00000)]
  0x0000015ae4ed9800 JavaThread "Unconstrained build operations Thread 6" [_thread_blocked, id=3764, stack(0x0000000f83d00000,0x0000000f83e00000)]
  0x0000015ae4edc000 JavaThread "Unconstrained build operations Thread 7" [_thread_blocked, id=10428, stack(0x0000000f83e00000,0x0000000f83f00000)]
  0x0000015ae4edb000 JavaThread "Unconstrained build operations Thread 8" [_thread_blocked, id=16816, stack(0x0000000f83f00000,0x0000000f84000000)]
  0x0000015ae4ed8800 JavaThread "Unconstrained build operations Thread 9" [_thread_blocked, id=18368, stack(0x0000000f84000000,0x0000000f84100000)]
  0x0000015ae4edc800 JavaThread "Unconstrained build operations Thread 10" [_thread_blocked, id=7932, stack(0x0000000f84100000,0x0000000f84200000)]
  0x0000015ae4edd800 JavaThread "Unconstrained build operations Thread 11" [_thread_blocked, id=5904, stack(0x0000000f84200000,0x0000000f84300000)]
  0x0000015ae4ed8000 JavaThread "Unconstrained build operations Thread 12" [_thread_blocked, id=9476, stack(0x0000000f84300000,0x0000000f84400000)]
  0x0000015ae4ede800 JavaThread "Unconstrained build operations Thread 13" [_thread_blocked, id=4948, stack(0x0000000f84400000,0x0000000f84500000)]
  0x0000015ae4ee1000 JavaThread "Unconstrained build operations Thread 14" [_thread_blocked, id=2456, stack(0x0000000f84500000,0x0000000f84600000)]
  0x0000015ae4ee1800 JavaThread "Unconstrained build operations Thread 15" [_thread_blocked, id=13476, stack(0x0000000f84600000,0x0000000f84700000)]
  0x0000015ae4ee3000 JavaThread "Unconstrained build operations Thread 16" [_thread_blocked, id=14388, stack(0x0000000f84700000,0x0000000f84800000)]
  0x0000015ae4edf000 JavaThread "Unconstrained build operations Thread 17" [_thread_blocked, id=9188, stack(0x0000000f84800000,0x0000000f84900000)]
  0x0000015ae4ee2800 JavaThread "Unconstrained build operations Thread 18" [_thread_blocked, id=13216, stack(0x0000000f84900000,0x0000000f84a00000)]
  0x0000015ae4ee4000 JavaThread "Unconstrained build operations Thread 19" [_thread_blocked, id=10704, stack(0x0000000f84a00000,0x0000000f84b00000)]
  0x0000015ae4ee5000 JavaThread "Unconstrained build operations Thread 20" [_thread_blocked, id=5692, stack(0x0000000f84b00000,0x0000000f84c00000)]
  0x0000015ae4ee5800 JavaThread "Unconstrained build operations Thread 21" [_thread_blocked, id=9448, stack(0x0000000f84c00000,0x0000000f84d00000)]
  0x0000015ae4ee0000 JavaThread "Unconstrained build operations Thread 22" [_thread_blocked, id=18188, stack(0x0000000f84d00000,0x0000000f84e00000)]
  0x0000015ae4ee6800 JavaThread "Unconstrained build operations Thread 23" [_thread_blocked, id=3096, stack(0x0000000f84e00000,0x0000000f84f00000)]
  0x0000015adb50a800 JavaThread "Unconstrained build operations Thread 24" [_thread_blocked, id=17072, stack(0x0000000f84f00000,0x0000000f85000000)]
  0x0000015adb50d800 JavaThread "Unconstrained build operations Thread 25" [_thread_blocked, id=17644, stack(0x0000000f85000000,0x0000000f85100000)]
  0x0000015adb50d000 JavaThread "Unconstrained build operations Thread 26" [_thread_blocked, id=17964, stack(0x0000000f85100000,0x0000000f85200000)]
  0x0000015adb50e800 JavaThread "Unconstrained build operations Thread 27" [_thread_blocked, id=2908, stack(0x0000000f85200000,0x0000000f85300000)]
  0x0000015adb509800 JavaThread "Unconstrained build operations Thread 28" [_thread_blocked, id=16280, stack(0x0000000f85300000,0x0000000f85400000)]
  0x0000015adb510000 JavaThread "Unconstrained build operations Thread 29" [_thread_blocked, id=14196, stack(0x0000000f85400000,0x0000000f85500000)]
  0x0000015adb511000 JavaThread "Unconstrained build operations Thread 30" [_thread_blocked, id=6208, stack(0x0000000f85500000,0x0000000f85600000)]
  0x0000015adb50b800 JavaThread "Unconstrained build operations Thread 31" [_thread_blocked, id=15096, stack(0x0000000f85600000,0x0000000f85700000)]
  0x0000015adb512000 JavaThread "Unconstrained build operations Thread 32" [_thread_blocked, id=17732, stack(0x0000000f85700000,0x0000000f85800000)]
  0x0000015adb50c000 JavaThread "Unconstrained build operations Thread 33" [_thread_blocked, id=16672, stack(0x0000000f85800000,0x0000000f85900000)]
  0x0000015adb516000 JavaThread "Unconstrained build operations Thread 34" [_thread_blocked, id=9124, stack(0x0000000f85900000,0x0000000f85a00000)]
  0x0000015adb515000 JavaThread "Unconstrained build operations Thread 35" [_thread_blocked, id=5980, stack(0x0000000f85a00000,0x0000000f85b00000)]
  0x0000015adb517800 JavaThread "Unconstrained build operations Thread 36" [_thread_blocked, id=6616, stack(0x0000000f85b00000,0x0000000f85c00000)]
  0x0000015adb512800 JavaThread "Unconstrained build operations Thread 37" [_thread_blocked, id=10564, stack(0x0000000f85c00000,0x0000000f85d00000)]
  0x0000015adb513800 JavaThread "Unconstrained build operations Thread 38" [_thread_blocked, id=2208, stack(0x0000000f85d00000,0x0000000f85e00000)]
  0x0000015adb516800 JavaThread "Unconstrained build operations Thread 39" [_thread_blocked, id=1760, stack(0x0000000f85e00000,0x0000000f85f00000)]
  0x0000015adb518800 JavaThread "Unconstrained build operations Thread 40" [_thread_blocked, id=7096, stack(0x0000000f85f00000,0x0000000f86000000)]
  0x0000015ae2a10000 JavaThread "Unconstrained build operations Thread 41" [_thread_blocked, id=17740, stack(0x0000000f86000000,0x0000000f86100000)]
  0x0000015ae2a0f000 JavaThread "Unconstrained build operations Thread 42" [_thread_blocked, id=17356, stack(0x0000000f86100000,0x0000000f86200000)]
  0x0000015ae2a11800 JavaThread "Unconstrained build operations Thread 43" [_thread_blocked, id=8656, stack(0x0000000f86200000,0x0000000f86300000)]
  0x0000015ae2a0c000 JavaThread "Unconstrained build operations Thread 44" [_thread_blocked, id=17500, stack(0x0000000f86300000,0x0000000f86400000)]
  0x0000015ae2a17000 JavaThread "Unconstrained build operations Thread 45" [_thread_blocked, id=12024, stack(0x0000000f86400000,0x0000000f86500000)]
  0x0000015ae2a18000 JavaThread "Unconstrained build operations Thread 46" [_thread_blocked, id=17632, stack(0x0000000f86500000,0x0000000f86600000)]
  0x0000015ae2a12800 JavaThread "Unconstrained build operations Thread 47" [_thread_blocked, id=17896, stack(0x0000000f86600000,0x0000000f86700000)]
  0x0000015ae2a14000 JavaThread "Unconstrained build operations Thread 48" [_thread_blocked, id=2360, stack(0x0000000f86700000,0x0000000f86800000)]
  0x0000015ae2a1a800 JavaThread "Unconstrained build operations Thread 49" [_thread_blocked, id=2148, stack(0x0000000f86800000,0x0000000f86900000)]
  0x0000015ae2a19000 JavaThread "Unconstrained build operations Thread 50" [_thread_blocked, id=11620, stack(0x0000000f86900000,0x0000000f86a00000)]
  0x0000015ae2a15000 JavaThread "Unconstrained build operations Thread 51" [_thread_blocked, id=13708, stack(0x0000000f86a00000,0x0000000f86b00000)]
  0x0000015ae2a15800 JavaThread "Unconstrained build operations Thread 52" [_thread_blocked, id=13236, stack(0x0000000f86b00000,0x0000000f86c00000)]
  0x0000015ae2a16800 JavaThread "Unconstrained build operations Thread 53" [_thread_blocked, id=2628, stack(0x0000000f86c00000,0x0000000f86d00000)]
  0x0000015ae2a19800 JavaThread "Unconstrained build operations Thread 54" [_thread_blocked, id=4020, stack(0x0000000f86d00000,0x0000000f86e00000)]
  0x0000015ade137000 JavaThread "Unconstrained build operations Thread 55" [_thread_blocked, id=12344, stack(0x0000000f86e00000,0x0000000f86f00000)]
  0x0000015ade138000 JavaThread "Unconstrained build operations Thread 56" [_thread_blocked, id=2056, stack(0x0000000f86f00000,0x0000000f87000000)]
  0x0000015ade134000 JavaThread "Unconstrained build operations Thread 57" [_thread_blocked, id=3308, stack(0x0000000f87000000,0x0000000f87100000)]
  0x0000015ade132000 JavaThread "Unconstrained build operations Thread 58" [_thread_blocked, id=10020, stack(0x0000000f87100000,0x0000000f87200000)]
  0x0000015ade139000 JavaThread "Unconstrained build operations Thread 59" [_thread_blocked, id=9204, stack(0x0000000f87200000,0x0000000f87300000)]
  0x0000015ade133000 JavaThread "Unconstrained build operations Thread 60" [_thread_blocked, id=17668, stack(0x0000000f87300000,0x0000000f87400000)]
  0x0000015ade13e800 JavaThread "Unconstrained build operations Thread 61" [_thread_blocked, id=18124, stack(0x0000000f87400000,0x0000000f87500000)]
  0x0000015ade13b000 JavaThread "Unconstrained build operations Thread 62" [_thread_blocked, id=8768, stack(0x0000000f87500000,0x0000000f87600000)]
  0x0000015ade139800 JavaThread "Unconstrained build operations Thread 63" [_thread_blocked, id=9860, stack(0x0000000f87600000,0x0000000f87700000)]
  0x0000015ade13d000 JavaThread "Unconstrained build operations Thread 64" [_thread_blocked, id=16436, stack(0x0000000f87700000,0x0000000f87800000)]
  0x0000015ade13d800 JavaThread "Unconstrained build operations Thread 65" [_thread_blocked, id=10976, stack(0x0000000f87800000,0x0000000f87900000)]
  0x0000015ade13f800 JavaThread "Unconstrained build operations Thread 66" [_thread_blocked, id=16448, stack(0x0000000f87900000,0x0000000f87a00000)]
  0x0000015adc706000 JavaThread "Unconstrained build operations Thread 67" [_thread_blocked, id=4640, stack(0x0000000f87a00000,0x0000000f87b00000)]
  0x0000015adc707800 JavaThread "Unconstrained build operations Thread 68" [_thread_blocked, id=9116, stack(0x0000000f87b00000,0x0000000f87c00000)]
  0x0000015adc708800 JavaThread "Unconstrained build operations Thread 69" [_thread_blocked, id=17700, stack(0x0000000f87c00000,0x0000000f87d00000)]
  0x0000015adc704800 JavaThread "Unconstrained build operations Thread 70" [_thread_blocked, id=272, stack(0x0000000f87d00000,0x0000000f87e00000)]
  0x0000015adc70b800 JavaThread "Unconstrained build operations Thread 71" [_thread_blocked, id=16388, stack(0x0000000f87e00000,0x0000000f87f00000)]
  0x0000015adc70d800 JavaThread "Unconstrained build operations Thread 72" [_thread_blocked, id=14236, stack(0x0000000f87f00000,0x0000000f88000000)]
  0x0000015adc713000 JavaThread "Unconstrained build operations Thread 73" [_thread_blocked, id=8336, stack(0x0000000f88000000,0x0000000f88100000)]
  0x0000015adda55000 JavaThread "Unconstrained build operations Thread 74" [_thread_blocked, id=16772, stack(0x0000000f88100000,0x0000000f88200000)]
  0x0000015adda5a000 JavaThread "Unconstrained build operations Thread 75" [_thread_blocked, id=15560, stack(0x0000000f88200000,0x0000000f88300000)]
  0x0000015adda58800 JavaThread "Unconstrained build operations Thread 76" [_thread_blocked, id=13460, stack(0x0000000f88300000,0x0000000f88400000)]
  0x0000015adda57800 JavaThread "Unconstrained build operations Thread 77" [_thread_blocked, id=8376, stack(0x0000000f88400000,0x0000000f88500000)]
  0x0000015adda5c000 JavaThread "Unconstrained build operations Thread 78" [_thread_blocked, id=7656, stack(0x0000000f88500000,0x0000000f88600000)]
  0x0000015adda56000 JavaThread "Unconstrained build operations Thread 79" [_thread_blocked, id=10780, stack(0x0000000f88600000,0x0000000f88700000)]
  0x0000015adda59800 JavaThread "Unconstrained build operations Thread 80" [_thread_blocked, id=11584, stack(0x0000000f88700000,0x0000000f88800000)]
  0x0000015ae6588000 JavaThread "build event listener" [_thread_blocked, id=11604, stack(0x0000000f88800000,0x0000000f88900000)]
  0x0000015ae658c000 JavaThread "Execution worker for ':'" [_thread_blocked, id=17564, stack(0x0000000f88900000,0x0000000f88a00000)]
  0x0000015ae6589800 JavaThread "Execution worker for ':' Thread 2" [_thread_blocked, id=17300, stack(0x0000000f88a00000,0x0000000f88b00000)]
  0x0000015ae658a800 JavaThread "Execution worker for ':' Thread 3" [_thread_blocked, id=13628, stack(0x0000000f89100000,0x0000000f89200000)]
  0x0000015ae658b000 JavaThread "Execution worker for ':' Thread 4" [_thread_blocked, id=18376, stack(0x0000000f89200000,0x0000000f89300000)]
  0x0000015ae6588800 JavaThread "Execution worker for ':' Thread 5" [_thread_blocked, id=7924, stack(0x0000000f89300000,0x0000000f89400000)]
  0x0000015ae6587000 JavaThread "Execution worker for ':' Thread 6" [_thread_blocked, id=16776, stack(0x0000000f89400000,0x0000000f89500000)]
  0x0000015ae658e800 JavaThread "Execution worker for ':' Thread 7" [_thread_blocked, id=2644, stack(0x0000000f89500000,0x0000000f89600000)]
  0x0000015ae658f000 JavaThread "Cache worker for execution history cache (C:\Users\lukas\AndroidStudioProjects\blabla\thegame\.gradle\7.3.3\executionHistory)" [_thread_blocked, id=7100, stack(0x0000000f89600000,0x0000000f89700000)]
  0x0000015ae6590000 JavaThread "Build operations" [_thread_blocked, id=12408, stack(0x0000000f89800000,0x0000000f89900000)]
  0x0000015ae6591800 JavaThread "Build operations Thread 2" [_thread_blocked, id=14468, stack(0x0000000f89900000,0x0000000f89a00000)]
  0x0000015ae6592800 JavaThread "Build operations Thread 3" [_thread_blocked, id=17584, stack(0x0000000f89a00000,0x0000000f89b00000)]
  0x0000015ae658c800 JavaThread "Build operations Thread 4" [_thread_blocked, id=13304, stack(0x0000000f89b00000,0x0000000f89c00000)]
  0x0000015ae6591000 JavaThread "Build operations Thread 5" [_thread_blocked, id=15420, stack(0x0000000f89c00000,0x0000000f89d00000)]
  0x0000015ae6593800 JavaThread "Build operations Thread 6" [_thread_blocked, id=4972, stack(0x0000000f89d00000,0x0000000f89e00000)]
  0x0000015ae658d800 JavaThread "Build operations Thread 7" [_thread_blocked, id=14692, stack(0x0000000f89e00000,0x0000000f89f00000)]
  0x0000015ae6594000 JavaThread "Build operations Thread 8" [_thread_blocked, id=4500, stack(0x0000000f89f00000,0x0000000f8a000000)]
  0x0000015ae125a000 JavaThread "WorkerExecutor Queue Thread 7" [_thread_blocked, id=7252, stack(0x0000000f8a600000,0x0000000f8a700000)]
  0x0000015ae1256800 JavaThread "WorkerExecutor Queue Thread 8" [_thread_blocked, id=12928, stack(0x0000000f8a700000,0x0000000f8a800000)]
  0x0000015ae125a800 JavaThread "WorkerExecutor Queue Thread 9" [_thread_blocked, id=12976, stack(0x0000000f8a800000,0x0000000f8a900000)]

Other Threads:
  0x0000015ada223800 VMThread "VM Thread" [stack: 0x0000000f80c00000,0x0000000f80d00000] [id=11724]
  0x0000015ada46c000 WatcherThread [stack: 0x0000000f81600000,0x0000000f81700000] [id=6936]
  0x0000015abc52e000 GCTaskThread "GC Thread#0" [stack: 0x0000000f80700000,0x0000000f80800000] [id=7344]
  0x0000015adb2bc800 GCTaskThread "GC Thread#1" [stack: 0x0000000f81900000,0x0000000f81a00000] [id=11160]
  0x0000015adab0a000 GCTaskThread "GC Thread#2" [stack: 0x0000000f81a00000,0x0000000f81b00000] [id=6236]
  0x0000015adb321000 GCTaskThread "GC Thread#3" [stack: 0x0000000f81b00000,0x0000000f81c00000] [id=16712]
  0x0000015ada820800 GCTaskThread "GC Thread#4" [stack: 0x0000000f81c00000,0x0000000f81d00000] [id=4912]
  0x0000015adb592000 GCTaskThread "GC Thread#5" [stack: 0x0000000f81d00000,0x0000000f81e00000] [id=7960]
  0x0000015add3cb000 GCTaskThread "GC Thread#6" [stack: 0x0000000f82a00000,0x0000000f82b00000] [id=17600]
  0x0000015add3c8000 GCTaskThread "GC Thread#7" [stack: 0x0000000f82b00000,0x0000000f82c00000] [id=9380]
  0x0000015abc555800 ConcurrentGCThread "G1 Main Marker" [stack: 0x0000000f80800000,0x0000000f80900000] [id=16928]
  0x0000015abc559000 ConcurrentGCThread "G1 Conc#0" [stack: 0x0000000f80900000,0x0000000f80a00000] [id=13220]
  0x0000015add3c6800 ConcurrentGCThread "G1 Conc#1" [stack: 0x0000000f82c00000,0x0000000f82d00000] [id=16940]
  0x0000015ad9884800 ConcurrentGCThread "G1 Refine#0" [stack: 0x0000000f80a00000,0x0000000f80b00000] [id=2128]
  0x0000015add3c7800 ConcurrentGCThread "G1 Refine#1" [stack: 0x0000000f8b200000,0x0000000f8b300000] [id=6484]
  0x0000015add3cb800 ConcurrentGCThread "G1 Refine#2" [stack: 0x0000000f8b300000,0x0000000f8b400000] [id=18056]
  0x0000015add3ca000 ConcurrentGCThread "G1 Refine#3" [stack: 0x0000000f8b400000,0x0000000f8b500000] [id=17436]
  0x0000015add3c9000 ConcurrentGCThread "G1 Refine#4" [stack: 0x0000000f8b500000,0x0000000f8b600000] [id=14572]
  0x0000015ae1128000 ConcurrentGCThread "G1 Refine#5" [stack: 0x0000000f8b600000,0x0000000f8b700000] [id=3296]
  0x0000015ae1128800 ConcurrentGCThread "G1 Refine#6" [stack: 0x0000000f8a900000,0x0000000f8aa00000] [id=15896]
  0x0000015ad9885000 ConcurrentGCThread "G1 Young RemSet Sampling" [stack: 0x0000000f80b00000,0x0000000f80c00000] [id=16896]

Threads with active compile tasks:
C2 CompilerThread0  1239076 20705       4       com.android.tools.r8.internal.jj::a (227 bytes)
C2 CompilerThread1  1239076 20673       4       com.android.tools.r8.internal.jj::a (602 bytes)
C2 CompilerThread2  1239076 20671 % !   4       com.android.tools.r8.internal.jj::c @ 781 (2716 bytes)

VM state:not at safepoint (normal execution)

VM Mutex/Monitor currently owned by a thread: None

Heap address: 0x00000000a0000000, size: 1536 MB, Compressed Oops mode: 32-bit
Narrow klass base: 0x0000000000000000, Narrow klass shift: 3
Compressed class space size: 1073741824 Address: 0x0000000100000000

Heap:
 garbage-first heap   total 258048K, used 206911K [0x00000000a0000000, 0x0000000100000000)
  region size 1024K, 42 young (43008K), 5 survivors (5120K)
 Metaspace       used 114233K, capacity 117585K, committed 118144K, reserved 1150976K
  class space    used 14639K, capacity 15958K, committed 16256K, reserved 1048576K
Heap Regions: E=young(eden), S=young(survivor), O=old, HS=humongous(starts), HC=humongous(continues), CS=collection set, F=free, A=archive, TAMS=top-at-mark-start (previous, next)
|   0|0x00000000a0000000, 0x00000000a0100000, 0x00000000a0100000|100%| O|  |TAMS 0x00000000a0100000, 0x00000000a0000000| Untracked 
|   1|0x00000000a0100000, 0x00000000a0200000, 0x00000000a0200000|100%| O|  |TAMS 0x00000000a0200000, 0x00000000a0100000| Untracked 
|   2|0x00000000a0200000, 0x00000000a0300000, 0x00000000a0300000|100%| O|  |TAMS 0x00000000a0300000, 0x00000000a0200000| Untracked 
|   3|0x00000000a0300000, 0x00000000a0400000, 0x00000000a0400000|100%|HS|  |TAMS 0x00000000a0400000, 0x00000000a0300000| Complete 
|   4|0x00000000a0400000, 0x00000000a0500000, 0x00000000a0500000|100%|HC|  |TAMS 0x00000000a0500000, 0x00000000a0400000| Complete 
|   5|0x00000000a0500000, 0x00000000a0600000, 0x00000000a0600000|100%|HC|  |TAMS 0x00000000a0600000, 0x00000000a0500000| Complete 
|   6|0x00000000a0600000, 0x00000000a0700000, 0x00000000a0700000|100%| O|  |TAMS 0x00000000a0700000, 0x00000000a0600000| Untracked 
|   7|0x00000000a0700000, 0x00000000a0800000, 0x00000000a0800000|100%| O|  |TAMS 0x00000000a0800000, 0x00000000a0700000| Untracked 
|   8|0x00000000a0800000, 0x00000000a0900000, 0x00000000a0900000|100%| O|  |TAMS 0x00000000a0900000, 0x00000000a0800000| Untracked 
|   9|0x00000000a0900000, 0x00000000a0a00000, 0x00000000a0a00000|100%| O|  |TAMS 0x00000000a0a00000, 0x00000000a0900000| Untracked 
|  10|0x00000000a0a00000, 0x00000000a0b00000, 0x00000000a0b00000|100%| O|  |TAMS 0x00000000a0b00000, 0x00000000a0a00000| Untracked 
|  11|0x00000000a0b00000, 0x00000000a0c00000, 0x00000000a0c00000|100%| O|  |TAMS 0x00000000a0c00000, 0x00000000a0b00000| Untracked 
|  12|0x00000000a0c00000, 0x00000000a0d00000, 0x00000000a0d00000|100%| O|  |TAMS 0x00000000a0d00000, 0x00000000a0c00000| Untracked 
|  13|0x00000000a0d00000, 0x00000000a0e00000, 0x00000000a0e00000|100%| O|  |TAMS 0x00000000a0e00000, 0x00000000a0d00000| Untracked 
|  14|0x00000000a0e00000, 0x00000000a0f00000, 0x00000000a0f00000|100%| O|  |TAMS 0x00000000a0f00000, 0x00000000a0e00000| Untracked 
|  15|0x00000000a0f00000, 0x00000000a1000000, 0x00000000a1000000|100%| O|  |TAMS 0x00000000a1000000, 0x00000000a0f00000| Untracked 
|  16|0x00000000a1000000, 0x00000000a1100000, 0x00000000a1100000|100%| O|  |TAMS 0x00000000a1100000, 0x00000000a1000000| Untracked 
|  17|0x00000000a1100000, 0x00000000a1200000, 0x00000000a1200000|100%|HS|  |TAMS 0x00000000a1200000, 0x00000000a1100000| Complete 
|  18|0x00000000a1200000, 0x00000000a1300000, 0x00000000a1300000|100%|HS|  |TAMS 0x00000000a1300000, 0x00000000a1200000| Complete 
|  19|0x00000000a1300000, 0x00000000a1400000, 0x00000000a1400000|100%|HS|  |TAMS 0x00000000a1400000, 0x00000000a1300000| Complete 
|  20|0x00000000a1400000, 0x00000000a1500000, 0x00000000a1500000|100%|HC|  |TAMS 0x00000000a1500000, 0x00000000a1400000| Complete 
|  21|0x00000000a1500000, 0x00000000a1600000, 0x00000000a1600000|100%| O|  |TAMS 0x00000000a1600000, 0x00000000a1500000| Untracked 
|  22|0x00000000a1600000, 0x00000000a1700000, 0x00000000a1700000|100%| O|  |TAMS 0x00000000a1700000, 0x00000000a1600000| Untracked 
|  23|0x00000000a1700000, 0x00000000a1800000, 0x00000000a1800000|100%| O|  |TAMS 0x00000000a1800000, 0x00000000a1700000| Untracked 
|  24|0x00000000a1800000, 0x00000000a1900000, 0x00000000a1900000|100%| O|  |TAMS 0x00000000a1900000, 0x00000000a1800000| Complete 
|  25|0x00000000a1900000, 0x00000000a1a00000, 0x00000000a1a00000|100%| O|  |TAMS 0x00000000a1a00000, 0x00000000a1900000| Untracked 
|  26|0x00000000a1a00000, 0x00000000a1b00000, 0x00000000a1b00000|100%| O|  |TAMS 0x00000000a1b00000, 0x00000000a1a00000| Untracked 
|  27|0x00000000a1b00000, 0x00000000a1c00000, 0x00000000a1c00000|100%| O|  |TAMS 0x00000000a1c00000, 0x00000000a1b00000| Untracked 
|  28|0x00000000a1c00000, 0x00000000a1d00000, 0x00000000a1d00000|100%| O|  |TAMS 0x00000000a1d00000, 0x00000000a1c00000| Untracked 
|  29|0x00000000a1d00000, 0x00000000a1e00000, 0x00000000a1e00000|100%| O|  |TAMS 0x00000000a1e00000, 0x00000000a1d00000| Untracked 
|  30|0x00000000a1e00000, 0x00000000a1f00000, 0x00000000a1f00000|100%| O|  |TAMS 0x00000000a1f00000, 0x00000000a1e00000| Untracked 
|  31|0x00000000a1f00000, 0x00000000a2000000, 0x00000000a2000000|100%| O|  |TAMS 0x00000000a2000000, 0x00000000a1f00000| Untracked 
|  32|0x00000000a2000000, 0x00000000a2100000, 0x00000000a2100000|100%| O|  |TAMS 0x00000000a2100000, 0x00000000a2000000| Untracked 
|  33|0x00000000a2100000, 0x00000000a2200000, 0x00000000a2200000|100%| O|  |TAMS 0x00000000a2200000, 0x00000000a2100000| Untracked 
|  34|0x00000000a2200000, 0x00000000a2300000, 0x00000000a2300000|100%| O|  |TAMS 0x00000000a2300000, 0x00000000a2200000| Untracked 
|  35|0x00000000a2300000, 0x00000000a2400000, 0x00000000a2400000|100%| O|  |TAMS 0x00000000a2400000, 0x00000000a2300000| Untracked 
|  36|0x00000000a2400000, 0x00000000a2500000, 0x00000000a2500000|100%| O|  |TAMS 0x00000000a2500000, 0x00000000a2400000| Untracked 
|  37|0x00000000a2500000, 0x00000000a2600000, 0x00000000a2600000|100%| O|  |TAMS 0x00000000a2600000, 0x00000000a2500000| Complete 
|  38|0x00000000a2600000, 0x00000000a2700000, 0x00000000a2700000|100%| O|  |TAMS 0x00000000a2700000, 0x00000000a2600000| Complete 
|  39|0x00000000a2700000, 0x00000000a2800000, 0x00000000a2800000|100%| O|  |TAMS 0x00000000a2800000, 0x00000000a2700000| Complete 
|  40|0x00000000a2800000, 0x00000000a2900000, 0x00000000a2900000|100%| O|  |TAMS 0x00000000a2900000, 0x00000000a2800000| Complete 
|  41|0x00000000a2900000, 0x00000000a2a00000, 0x00000000a2a00000|100%| O|  |TAMS 0x00000000a2a00000, 0x00000000a2900000| Complete 
|  42|0x00000000a2a00000, 0x00000000a2b00000, 0x00000000a2b00000|100%| O|  |TAMS 0x00000000a2b00000, 0x00000000a2a00000| Untracked 
|  43|0x00000000a2b00000, 0x00000000a2c00000, 0x00000000a2c00000|100%| O|  |TAMS 0x00000000a2c00000, 0x00000000a2b00000| Untracked 
|  44|0x00000000a2c00000, 0x00000000a2d00000, 0x00000000a2d00000|100%| O|  |TAMS 0x00000000a2d00000, 0x00000000a2c00000| Untracked 
|  45|0x00000000a2d00000, 0x00000000a2e00000, 0x00000000a2e00000|100%| O|  |TAMS 0x00000000a2e00000, 0x00000000a2d00000| Complete 
|  46|0x00000000a2e00000, 0x00000000a2f00000, 0x00000000a2f00000|100%| O|  |TAMS 0x00000000a2f00000, 0x00000000a2e00000| Complete 
|  47|0x00000000a2f00000, 0x00000000a3000000, 0x00000000a3000000|100%| O|  |TAMS 0x00000000a3000000, 0x00000000a2f00000| Complete 
|  48|0x00000000a3000000, 0x00000000a3100000, 0x00000000a3100000|100%| O|  |TAMS 0x00000000a3100000, 0x00000000a3000000| Complete 
|  49|0x00000000a3100000, 0x00000000a3200000, 0x00000000a3200000|100%| O|  |TAMS 0x00000000a3200000, 0x00000000a3100000| Untracked 
|  50|0x00000000a3200000, 0x00000000a3300000, 0x00000000a3300000|100%| O|  |TAMS 0x00000000a3300000, 0x00000000a3200000| Untracked 
|  51|0x00000000a3300000, 0x00000000a3400000, 0x00000000a3400000|100%| O|  |TAMS 0x00000000a3400000, 0x00000000a3300000| Untracked 
|  52|0x00000000a3400000, 0x00000000a3500000, 0x00000000a3500000|100%| O|  |TAMS 0x00000000a3500000, 0x00000000a3400000| Complete 
|  53|0x00000000a3500000, 0x00000000a3600000, 0x00000000a3600000|100%| O|  |TAMS 0x00000000a3600000, 0x00000000a3500000| Untracked 
|  54|0x00000000a3600000, 0x00000000a3700000, 0x00000000a3700000|100%| O|  |TAMS 0x00000000a3700000, 0x00000000a3600000| Untracked 
|  55|0x00000000a3700000, 0x00000000a3800000, 0x00000000a3800000|100%| O|  |TAMS 0x00000000a3800000, 0x00000000a3700000| Complete 
|  56|0x00000000a3800000, 0x00000000a3900000, 0x00000000a3900000|100%| O|  |TAMS 0x00000000a3900000, 0x00000000a3800000| Complete 
|  57|0x00000000a3900000, 0x00000000a3a00000, 0x00000000a3a00000|100%| O|  |TAMS 0x00000000a3a00000, 0x00000000a3900000| Complete 
|  58|0x00000000a3a00000, 0x00000000a3b00000, 0x00000000a3b00000|100%| O|  |TAMS 0x00000000a3b00000, 0x00000000a3a00000| Untracked 
|  59|0x00000000a3b00000, 0x00000000a3c00000, 0x00000000a3c00000|100%| O|  |TAMS 0x00000000a3c00000, 0x00000000a3b00000| Untracked 
|  60|0x00000000a3c00000, 0x00000000a3d00000, 0x00000000a3d00000|100%| O|  |TAMS 0x00000000a3d00000, 0x00000000a3c00000| Untracked 
|  61|0x00000000a3d00000, 0x00000000a3e00000, 0x00000000a3e00000|100%| O|  |TAMS 0x00000000a3e00000, 0x00000000a3d00000| Untracked 
|  62|0x00000000a3e00000, 0x00000000a3f00000, 0x00000000a3f00000|100%| O|  |TAMS 0x00000000a3f00000, 0x00000000a3e00000| Untracked 
|  63|0x00000000a3f00000, 0x00000000a4000000, 0x00000000a4000000|100%| O|  |TAMS 0x00000000a4000000, 0x00000000a3f00000| Complete 
|  64|0x00000000a4000000, 0x00000000a4100000, 0x00000000a4100000|100%| O|  |TAMS 0x00000000a4100000, 0x00000000a4000000| Untracked 
|  65|0x00000000a4100000, 0x00000000a4200000, 0x00000000a4200000|100%| O|  |TAMS 0x00000000a4200000, 0x00000000a4100000| Complete 
|  66|0x00000000a4200000, 0x00000000a4300000, 0x00000000a4300000|100%| O|  |TAMS 0x00000000a4300000, 0x00000000a4200000| Complete 
|  67|0x00000000a4300000, 0x00000000a4400000, 0x00000000a4400000|100%| O|  |TAMS 0x00000000a4400000, 0x00000000a4300000| Complete 
|  68|0x00000000a4400000, 0x00000000a4500000, 0x00000000a4500000|100%|HS|  |TAMS 0x00000000a4500000, 0x00000000a4400000| Complete 
|  69|0x00000000a4500000, 0x00000000a4600000, 0x00000000a4600000|100%| O|  |TAMS 0x00000000a4600000, 0x00000000a4500000| Untracked 
|  70|0x00000000a4600000, 0x00000000a4700000, 0x00000000a4700000|100%| O|  |TAMS 0x00000000a4700000, 0x00000000a4600000| Untracked 
|  71|0x00000000a4700000, 0x00000000a4800000, 0x00000000a4800000|100%| O|  |TAMS 0x00000000a4800000, 0x00000000a4700000| Complete 
|  72|0x00000000a4800000, 0x00000000a4900000, 0x00000000a4900000|100%| O|  |TAMS 0x00000000a4900000, 0x00000000a4800000| Untracked 
|  73|0x00000000a4900000, 0x00000000a4a00000, 0x00000000a4a00000|100%|HS|  |TAMS 0x00000000a4a00000, 0x00000000a4900000| Complete 
|  74|0x00000000a4a00000, 0x00000000a4b00000, 0x00000000a4b00000|100%| O|  |TAMS 0x00000000a4b00000, 0x00000000a4a00000| Complete 
|  75|0x00000000a4b00000, 0x00000000a4c00000, 0x00000000a4c00000|100%|HS|  |TAMS 0x00000000a4c00000, 0x00000000a4b00000| Complete 
|  76|0x00000000a4c00000, 0x00000000a4d00000, 0x00000000a4d00000|100%|HS|  |TAMS 0x00000000a4d00000, 0x00000000a4c00000| Complete 
|  77|0x00000000a4d00000, 0x00000000a4e00000, 0x00000000a4e00000|100%|HS|  |TAMS 0x00000000a4e00000, 0x00000000a4d00000| Complete 
|  78|0x00000000a4e00000, 0x00000000a4f00000, 0x00000000a4f00000|100%| O|  |TAMS 0x00000000a4f00000, 0x00000000a4e00000| Complete 
|  79|0x00000000a4f00000, 0x00000000a5000000, 0x00000000a5000000|100%|HS|  |TAMS 0x00000000a4f00000, 0x00000000a4f00000| Complete 
|  80|0x00000000a5000000, 0x00000000a5100000, 0x00000000a5100000|100%| O|  |TAMS 0x00000000a5100000, 0x00000000a5000000| Complete 
|  81|0x00000000a5100000, 0x00000000a5200000, 0x00000000a5200000|100%| O|  |TAMS 0x00000000a5200000, 0x00000000a5100000| Untracked 
|  82|0x00000000a5200000, 0x00000000a5300000, 0x00000000a5300000|100%| O|  |TAMS 0x00000000a5300000, 0x00000000a5200000| Untracked 
|  83|0x00000000a5300000, 0x00000000a5400000, 0x00000000a5400000|100%| O|  |TAMS 0x00000000a5400000, 0x00000000a5300000| Complete 
|  84|0x00000000a5400000, 0x00000000a5500000, 0x00000000a5500000|100%| O|  |TAMS 0x00000000a5500000, 0x00000000a5400000| Complete 
|  85|0x00000000a5500000, 0x00000000a5600000, 0x00000000a5600000|100%| O|  |TAMS 0x00000000a5600000, 0x00000000a5500000| Untracked 
|  86|0x00000000a5600000, 0x00000000a5700000, 0x00000000a5700000|100%| O|  |TAMS 0x00000000a5700000, 0x00000000a5600000| Untracked 
|  87|0x00000000a5700000, 0x00000000a5800000, 0x00000000a5800000|100%| O|  |TAMS 0x00000000a5800000, 0x00000000a5700000| Untracked 
|  88|0x00000000a5800000, 0x00000000a5900000, 0x00000000a5900000|100%| O|  |TAMS 0x00000000a5900000, 0x00000000a5800000| Untracked 
|  89|0x00000000a5900000, 0x00000000a5a00000, 0x00000000a5a00000|100%| O|  |TAMS 0x00000000a5a00000, 0x00000000a5900000| Complete 
|  90|0x00000000a5a00000, 0x00000000a5b00000, 0x00000000a5b00000|100%|HS|  |TAMS 0x00000000a5b00000, 0x00000000a5a00000| Complete 
|  91|0x00000000a5b00000, 0x00000000a5c00000, 0x00000000a5c00000|100%|HS|  |TAMS 0x00000000a5c00000, 0x00000000a5b00000| Complete 
|  92|0x00000000a5c00000, 0x00000000a5c00000, 0x00000000a5d00000|  0%| F|  |TAMS 0x00000000a5c00000, 0x00000000a5c00000| Untracked 
|  93|0x00000000a5d00000, 0x00000000a5e00000, 0x00000000a5e00000|100%| O|  |TAMS 0x00000000a5e00000, 0x00000000a5d00000| Complete 
|  94|0x00000000a5e00000, 0x00000000a5f00000, 0x00000000a5f00000|100%| O|  |TAMS 0x00000000a5f00000, 0x00000000a5e00000| Complete 
|  95|0x00000000a5f00000, 0x00000000a6000000, 0x00000000a6000000|100%| O|  |TAMS 0x00000000a6000000, 0x00000000a5f00000| Complete 
|  96|0x00000000a6000000, 0x00000000a6100000, 0x00000000a6100000|100%| O|  |TAMS 0x00000000a6100000, 0x00000000a6000000| Untracked 
|  97|0x00000000a6100000, 0x00000000a6200000, 0x00000000a6200000|100%| O|  |TAMS 0x00000000a6200000, 0x00000000a6100000| Untracked 
|  98|0x00000000a6200000, 0x00000000a6200000, 0x00000000a6300000|  0%| F|  |TAMS 0x00000000a6200000, 0x00000000a6200000| Untracked 
|  99|0x00000000a6300000, 0x00000000a6400000, 0x00000000a6400000|100%| O|  |TAMS 0x00000000a6400000, 0x00000000a6300000| Complete 
| 100|0x00000000a6400000, 0x00000000a6500000, 0x00000000a6500000|100%| O|  |TAMS 0x00000000a6500000, 0x00000000a6400000| Untracked 
| 101|0x00000000a6500000, 0x00000000a6600000, 0x00000000a6600000|100%| O|  |TAMS 0x00000000a6600000, 0x00000000a6500000| Untracked 
| 102|0x00000000a6600000, 0x00000000a6700000, 0x00000000a6700000|100%| O|  |TAMS 0x00000000a6700000, 0x00000000a6600000| Complete 
| 103|0x00000000a6700000, 0x00000000a6700000, 0x00000000a6800000|  0%| F|  |TAMS 0x00000000a6700000, 0x00000000a6700000| Untracked 
| 104|0x00000000a6800000, 0x00000000a6900000, 0x00000000a6900000|100%| O|  |TAMS 0x00000000a6900000, 0x00000000a6800000| Untracked 
| 105|0x00000000a6900000, 0x00000000a6a00000, 0x00000000a6a00000|100%| O|  |TAMS 0x00000000a6a00000, 0x00000000a6900000| Untracked 
| 106|0x00000000a6a00000, 0x00000000a6a00000, 0x00000000a6b00000|  0%| F|  |TAMS 0x00000000a6a00000, 0x00000000a6a00000| Untracked 
| 107|0x00000000a6b00000, 0x00000000a6c00000, 0x00000000a6c00000|100%| O|  |TAMS 0x00000000a6c00000, 0x00000000a6b00000| Untracked 
| 108|0x00000000a6c00000, 0x00000000a6d00000, 0x00000000a6d00000|100%| O|  |TAMS 0x00000000a6d00000, 0x00000000a6c00000| Complete 
| 109|0x00000000a6d00000, 0x00000000a6e00000, 0x00000000a6e00000|100%| O|  |TAMS 0x00000000a6e00000, 0x00000000a6d00000| Untracked 
| 110|0x00000000a6e00000, 0x00000000a6f00000, 0x00000000a6f00000|100%| O|  |TAMS 0x00000000a6f00000, 0x00000000a6e00000| Untracked 
| 111|0x00000000a6f00000, 0x00000000a7000000, 0x00000000a7000000|100%| O|  |TAMS 0x00000000a7000000, 0x00000000a6f00000| Untracked 
| 112|0x00000000a7000000, 0x00000000a7100000, 0x00000000a7100000|100%| O|  |TAMS 0x00000000a7100000, 0x00000000a7000000| Untracked 
| 113|0x00000000a7100000, 0x00000000a7200000, 0x00000000a7200000|100%| O|  |TAMS 0x00000000a7200000, 0x00000000a7100000| Untracked 
| 114|0x00000000a7200000, 0x00000000a7300000, 0x00000000a7300000|100%| O|  |TAMS 0x00000000a7300000, 0x00000000a7200000| Untracked 
| 115|0x00000000a7300000, 0x00000000a7400000, 0x00000000a7400000|100%| O|  |TAMS 0x00000000a7400000, 0x00000000a7300000| Untracked 
| 116|0x00000000a7400000, 0x00000000a7500000, 0x00000000a7500000|100%| O|  |TAMS 0x00000000a7500000, 0x00000000a7400000| Untracked 
| 117|0x00000000a7500000, 0x00000000a7600000, 0x00000000a7600000|100%| O|  |TAMS 0x00000000a7600000, 0x00000000a7500000| Untracked 
| 118|0x00000000a7600000, 0x00000000a7700000, 0x00000000a7700000|100%| O|  |TAMS 0x00000000a7700000, 0x00000000a7600000| Complete 
| 119|0x00000000a7700000, 0x00000000a7800000, 0x00000000a7800000|100%| O|  |TAMS 0x00000000a7800000, 0x00000000a7700000| Untracked 
| 120|0x00000000a7800000, 0x00000000a7900000, 0x00000000a7900000|100%| O|  |TAMS 0x00000000a7900000, 0x00000000a7800000| Untracked 
| 121|0x00000000a7900000, 0x00000000a7a00000, 0x00000000a7a00000|100%| O|  |TAMS 0x00000000a7a00000, 0x00000000a7900000| Untracked 
| 122|0x00000000a7a00000, 0x00000000a7a44000, 0x00000000a7b00000| 26%| O|  |TAMS 0x00000000a7a44000, 0x00000000a7a00000| Untracked 
| 123|0x00000000a7b00000, 0x00000000a7c00000, 0x00000000a7c00000|100%| O|  |TAMS 0x00000000a7c00000, 0x00000000a7b00000| Complete 
| 124|0x00000000a7c00000, 0x00000000a7c00000, 0x00000000a7d00000|  0%| F|  |TAMS 0x00000000a7c00000, 0x00000000a7c00000| Untracked 
| 125|0x00000000a7d00000, 0x00000000a7e00000, 0x00000000a7e00000|100%| O|  |TAMS 0x00000000a7e00000, 0x00000000a7d00000| Complete 
| 126|0x00000000a7e00000, 0x00000000a7e00000, 0x00000000a7f00000|  0%| F|  |TAMS 0x00000000a7e00000, 0x00000000a7e00000| Untracked 
| 127|0x00000000a7f00000, 0x00000000a7f00000, 0x00000000a8000000|  0%| F|  |TAMS 0x00000000a7f00000, 0x00000000a7f00000| Untracked 
| 128|0x00000000a8000000, 0x00000000a8100000, 0x00000000a8100000|100%| O|  |TAMS 0x00000000a8100000, 0x00000000a8000000| Complete 
| 129|0x00000000a8100000, 0x00000000a8200000, 0x00000000a8200000|100%| O|  |TAMS 0x00000000a8200000, 0x00000000a8100000| Untracked 
| 130|0x00000000a8200000, 0x00000000a8300000, 0x00000000a8300000|100%| O|  |TAMS 0x00000000a8300000, 0x00000000a8200000| Complete 
| 131|0x00000000a8300000, 0x00000000a8400000, 0x00000000a8400000|100%| O|  |TAMS 0x00000000a8400000, 0x00000000a8300000| Untracked 
| 132|0x00000000a8400000, 0x00000000a8500000, 0x00000000a8500000|100%| O|  |TAMS 0x00000000a8500000, 0x00000000a8400000| Untracked 
| 133|0x00000000a8500000, 0x00000000a8600000, 0x00000000a8600000|100%| O|  |TAMS 0x00000000a8600000, 0x00000000a8500000| Untracked 
| 134|0x00000000a8600000, 0x00000000a8700000, 0x00000000a8700000|100%| O|  |TAMS 0x00000000a8700000, 0x00000000a8600000| Complete 
| 135|0x00000000a8700000, 0x00000000a8700000, 0x00000000a8800000|  0%| F|  |TAMS 0x00000000a8700000, 0x00000000a8700000| Untracked 
| 136|0x00000000a8800000, 0x00000000a8800000, 0x00000000a8900000|  0%| F|  |TAMS 0x00000000a8800000, 0x00000000a8800000| Untracked 
| 137|0x00000000a8900000, 0x00000000a8900000, 0x00000000a8a00000|  0%| F|  |TAMS 0x00000000a8900000, 0x00000000a8900000| Untracked 
| 138|0x00000000a8a00000, 0x00000000a8b00000, 0x00000000a8b00000|100%| O|  |TAMS 0x00000000a8b00000, 0x00000000a8a00000| Complete 
| 139|0x00000000a8b00000, 0x00000000a8c00000, 0x00000000a8c00000|100%| O|  |TAMS 0x00000000a8c00000, 0x00000000a8b00000| Untracked 
| 140|0x00000000a8c00000, 0x00000000a8d00000, 0x00000000a8d00000|100%| O|  |TAMS 0x00000000a8d00000, 0x00000000a8c00000| Untracked 
| 141|0x00000000a8d00000, 0x00000000a8e00000, 0x00000000a8e00000|100%|HS|  |TAMS 0x00000000a8d00000, 0x00000000a8d00000| Complete 
| 142|0x00000000a8e00000, 0x00000000a8f00000, 0x00000000a8f00000|100%|HC|  |TAMS 0x00000000a8e00000, 0x00000000a8e00000| Complete 
| 143|0x00000000a8f00000, 0x00000000a9000000, 0x00000000a9000000|100%|HC|  |TAMS 0x00000000a8f00000, 0x00000000a8f00000| Complete 
| 144|0x00000000a9000000, 0x00000000a9100000, 0x00000000a9100000|100%|HC|  |TAMS 0x00000000a9000000, 0x00000000a9000000| Complete 
| 145|0x00000000a9100000, 0x00000000a9200000, 0x00000000a9200000|100%|HC|  |TAMS 0x00000000a9100000, 0x00000000a9100000| Complete 
| 146|0x00000000a9200000, 0x00000000a9300000, 0x00000000a9300000|100%|HS|  |TAMS 0x00000000a9300000, 0x00000000a9200000| Complete 
| 147|0x00000000a9300000, 0x00000000a9400000, 0x00000000a9400000|100%|HC|  |TAMS 0x00000000a9400000, 0x00000000a9300000| Complete 
| 148|0x00000000a9400000, 0x00000000a9500000, 0x00000000a9500000|100%|HC|  |TAMS 0x00000000a9500000, 0x00000000a9400000| Complete 
| 149|0x00000000a9500000, 0x00000000a9600000, 0x00000000a9600000|100%|HC|  |TAMS 0x00000000a9600000, 0x00000000a9500000| Complete 
| 150|0x00000000a9600000, 0x00000000a9700000, 0x00000000a9700000|100%|HC|  |TAMS 0x00000000a9700000, 0x00000000a9600000| Complete 
| 151|0x00000000a9700000, 0x00000000a9800000, 0x00000000a9800000|100%| O|  |TAMS 0x00000000a9800000, 0x00000000a9700000| Untracked 
| 152|0x00000000a9800000, 0x00000000a9900000, 0x00000000a9900000|100%| O|  |TAMS 0x00000000a9900000, 0x00000000a9800000| Complete 
| 153|0x00000000a9900000, 0x00000000a9a00000, 0x00000000a9a00000|100%| O|  |TAMS 0x00000000a9a00000, 0x00000000a9900000| Complete 
| 154|0x00000000a9a00000, 0x00000000a9b00000, 0x00000000a9b00000|100%| O|  |TAMS 0x00000000a9b00000, 0x00000000a9a00000| Complete 
| 155|0x00000000a9b00000, 0x00000000a9b00000, 0x00000000a9c00000|  0%| F|  |TAMS 0x00000000a9b00000, 0x00000000a9b00000| Untracked 
| 156|0x00000000a9c00000, 0x00000000a9d00000, 0x00000000a9d00000|100%| O|  |TAMS 0x00000000a9d00000, 0x00000000a9c00000| Untracked 
| 157|0x00000000a9d00000, 0x00000000a9e00000, 0x00000000a9e00000|100%| O|  |TAMS 0x00000000a9e00000, 0x00000000a9d00000| Untracked 
| 158|0x00000000a9e00000, 0x00000000a9f00000, 0x00000000a9f00000|100%| O|  |TAMS 0x00000000a9f00000, 0x00000000a9e00000| Untracked 
| 159|0x00000000a9f00000, 0x00000000aa000000, 0x00000000aa000000|100%| O|  |TAMS 0x00000000aa000000, 0x00000000a9f00000| Untracked 
| 160|0x00000000aa000000, 0x00000000aa100000, 0x00000000aa100000|100%| O|  |TAMS 0x00000000aa100000, 0x00000000aa000000| Complete 
| 161|0x00000000aa100000, 0x00000000aa200000, 0x00000000aa200000|100%|HS|  |TAMS 0x00000000aa100000, 0x00000000aa100000| Complete 
| 162|0x00000000aa200000, 0x00000000aa300000, 0x00000000aa300000|100%|HC|  |TAMS 0x00000000aa200000, 0x00000000aa200000| Complete 
| 163|0x00000000aa300000, 0x00000000aa400000, 0x00000000aa400000|100%|HC|  |TAMS 0x00000000aa300000, 0x00000000aa300000| Complete 
| 164|0x00000000aa400000, 0x00000000aa500000, 0x00000000aa500000|100%|HC|  |TAMS 0x00000000aa400000, 0x00000000aa400000| Complete 
| 165|0x00000000aa500000, 0x00000000aa600000, 0x00000000aa600000|100%|HC|  |TAMS 0x00000000aa500000, 0x00000000aa500000| Complete 
| 166|0x00000000aa600000, 0x00000000aa700000, 0x00000000aa700000|100%| O|  |TAMS 0x00000000aa700000, 0x00000000aa600000| Untracked 
| 167|0x00000000aa700000, 0x00000000aa800000, 0x00000000aa800000|100%|HS|  |TAMS 0x00000000aa700000, 0x00000000aa700000| Complete 
| 168|0x00000000aa800000, 0x00000000aa900000, 0x00000000aa900000|100%|HC|  |TAMS 0x00000000aa800000, 0x00000000aa800000| Complete 
| 169|0x00000000aa900000, 0x00000000aaa00000, 0x00000000aaa00000|100%|HC|  |TAMS 0x00000000aa900000, 0x00000000aa900000| Complete 
| 170|0x00000000aaa00000, 0x00000000aab00000, 0x00000000aab00000|100%|HC|  |TAMS 0x00000000aaa00000, 0x00000000aaa00000| Complete 
| 171|0x00000000aab00000, 0x00000000aac00000, 0x00000000aac00000|100%|HC|  |TAMS 0x00000000aab00000, 0x00000000aab00000| Complete 
| 172|0x00000000aac00000, 0x00000000aad00000, 0x00000000aad00000|100%|HC|  |TAMS 0x00000000aac00000, 0x00000000aac00000| Complete 
| 173|0x00000000aad00000, 0x00000000aad00000, 0x00000000aae00000|  0%| F|  |TAMS 0x00000000aad00000, 0x00000000aad00000| Untracked 
| 174|0x00000000aae00000, 0x00000000aae00000, 0x00000000aaf00000|  0%| F|  |TAMS 0x00000000aae00000, 0x00000000aae00000| Untracked 
| 175|0x00000000aaf00000, 0x00000000aaf00000, 0x00000000ab000000|  0%| F|  |TAMS 0x00000000aaf00000, 0x00000000aaf00000| Untracked 
| 176|0x00000000ab000000, 0x00000000ab000000, 0x00000000ab100000|  0%| F|  |TAMS 0x00000000ab000000, 0x00000000ab000000| Untracked 
| 177|0x00000000ab100000, 0x00000000ab100000, 0x00000000ab200000|  0%| F|  |TAMS 0x00000000ab100000, 0x00000000ab100000| Untracked 
| 178|0x00000000ab200000, 0x00000000ab200000, 0x00000000ab300000|  0%| F|  |TAMS 0x00000000ab200000, 0x00000000ab200000| Untracked 
| 179|0x00000000ab300000, 0x00000000ab300000, 0x00000000ab400000|  0%| F|  |TAMS 0x00000000ab300000, 0x00000000ab300000| Untracked 
| 180|0x00000000ab400000, 0x00000000ab400000, 0x00000000ab500000|  0%| F|  |TAMS 0x00000000ab400000, 0x00000000ab400000| Untracked 
| 181|0x00000000ab500000, 0x00000000ab500000, 0x00000000ab600000|  0%| F|  |TAMS 0x00000000ab500000, 0x00000000ab500000| Untracked 
| 182|0x00000000ab600000, 0x00000000ab600000, 0x00000000ab700000|  0%| F|  |TAMS 0x00000000ab600000, 0x00000000ab600000| Untracked 
| 183|0x00000000ab700000, 0x00000000ab700000, 0x00000000ab800000|  0%| F|  |TAMS 0x00000000ab700000, 0x00000000ab700000| Untracked 
| 184|0x00000000ab800000, 0x00000000ab800000, 0x00000000ab900000|  0%| F|  |TAMS 0x00000000ab800000, 0x00000000ab800000| Untracked 
| 185|0x00000000ab900000, 0x00000000ab900000, 0x00000000aba00000|  0%| F|  |TAMS 0x00000000ab900000, 0x00000000ab900000| Untracked 
| 186|0x00000000aba00000, 0x00000000aba00000, 0x00000000abb00000|  0%| F|  |TAMS 0x00000000aba00000, 0x00000000aba00000| Untracked 
| 187|0x00000000abb00000, 0x00000000abb00000, 0x00000000abc00000|  0%| F|  |TAMS 0x00000000abb00000, 0x00000000abb00000| Untracked 
| 188|0x00000000abc00000, 0x00000000abc00000, 0x00000000abd00000|  0%| F|  |TAMS 0x00000000abc00000, 0x00000000abc00000| Untracked 
| 189|0x00000000abd00000, 0x00000000abd00000, 0x00000000abe00000|  0%| F|  |TAMS 0x00000000abd00000, 0x00000000abd00000| Untracked 
| 190|0x00000000abe00000, 0x00000000abe00000, 0x00000000abf00000|  0%| F|  |TAMS 0x00000000abe00000, 0x00000000abe00000| Untracked 
| 191|0x00000000abf00000, 0x00000000abf00000, 0x00000000ac000000|  0%| F|  |TAMS 0x00000000abf00000, 0x00000000abf00000| Untracked 
| 192|0x00000000ac000000, 0x00000000ac000000, 0x00000000ac100000|  0%| F|  |TAMS 0x00000000ac000000, 0x00000000ac000000| Untracked 
| 193|0x00000000ac100000, 0x00000000ac100000, 0x00000000ac200000|  0%| F|  |TAMS 0x00000000ac100000, 0x00000000ac100000| Untracked 
| 194|0x00000000ac200000, 0x00000000ac200000, 0x00000000ac300000|  0%| F|  |TAMS 0x00000000ac200000, 0x00000000ac200000| Untracked 
| 195|0x00000000ac300000, 0x00000000ac300000, 0x00000000ac400000|  0%| F|  |TAMS 0x00000000ac300000, 0x00000000ac300000| Untracked 
| 196|0x00000000ac400000, 0x00000000ac400000, 0x00000000ac500000|  0%| F|  |TAMS 0x00000000ac400000, 0x00000000ac400000| Untracked 
| 197|0x00000000ac500000, 0x00000000ac500000, 0x00000000ac600000|  0%| F|  |TAMS 0x00000000ac500000, 0x00000000ac500000| Untracked 
| 198|0x00000000ac600000, 0x00000000ac600000, 0x00000000ac700000|  0%| F|  |TAMS 0x00000000ac600000, 0x00000000ac600000| Untracked 
| 199|0x00000000ac700000, 0x00000000ac700000, 0x00000000ac800000|  0%| F|  |TAMS 0x00000000ac700000, 0x00000000ac700000| Untracked 
| 200|0x00000000ac800000, 0x00000000ac800000, 0x00000000ac900000|  0%| F|  |TAMS 0x00000000ac800000, 0x00000000ac800000| Untracked 
| 201|0x00000000ac900000, 0x00000000ac900000, 0x00000000aca00000|  0%| F|  |TAMS 0x00000000ac900000, 0x00000000ac900000| Untracked 
| 202|0x00000000aca00000, 0x00000000aca00000, 0x00000000acb00000|  0%| F|  |TAMS 0x00000000aca00000, 0x00000000aca00000| Untracked 
| 203|0x00000000acb00000, 0x00000000acb00000, 0x00000000acc00000|  0%| F|  |TAMS 0x00000000acb00000, 0x00000000acb00000| Untracked 
| 204|0x00000000acc00000, 0x00000000acc00000, 0x00000000acd00000|  0%| F|  |TAMS 0x00000000acc00000, 0x00000000acc00000| Untracked 
| 205|0x00000000acd00000, 0x00000000acd00000, 0x00000000ace00000|  0%| F|  |TAMS 0x00000000acd00000, 0x00000000acd00000| Untracked 
| 206|0x00000000ace00000, 0x00000000ace00000, 0x00000000acf00000|  0%| F|  |TAMS 0x00000000ace00000, 0x00000000ace00000| Untracked 
| 207|0x00000000acf00000, 0x00000000acf00000, 0x00000000ad000000|  0%| F|  |TAMS 0x00000000acf00000, 0x00000000acf00000| Untracked 
| 208|0x00000000ad000000, 0x00000000ad000000, 0x00000000ad100000|  0%| F|  |TAMS 0x00000000ad000000, 0x00000000ad000000| Untracked 
| 209|0x00000000ad100000, 0x00000000ad100000, 0x00000000ad200000|  0%| F|  |TAMS 0x00000000ad100000, 0x00000000ad100000| Untracked 
| 210|0x00000000ad200000, 0x00000000ad2d5190, 0x00000000ad300000| 83%| E|  |TAMS 0x00000000ad200000, 0x00000000ad200000| Complete 
| 211|0x00000000ad300000, 0x00000000ad400000, 0x00000000ad400000|100%| E|CS|TAMS 0x00000000ad300000, 0x00000000ad300000| Complete 
| 212|0x00000000ad400000, 0x00000000ad500000, 0x00000000ad500000|100%| E|CS|TAMS 0x00000000ad400000, 0x00000000ad400000| Complete 
| 213|0x00000000ad500000, 0x00000000ad600000, 0x00000000ad600000|100%| E|CS|TAMS 0x00000000ad500000, 0x00000000ad500000| Complete 
| 214|0x00000000ad600000, 0x00000000ad700000, 0x00000000ad700000|100%| E|CS|TAMS 0x00000000ad600000, 0x00000000ad600000| Complete 
| 215|0x00000000ad700000, 0x00000000ad800000, 0x00000000ad800000|100%| E|CS|TAMS 0x00000000ad700000, 0x00000000ad700000| Complete 
| 216|0x00000000ad800000, 0x00000000ad900000, 0x00000000ad900000|100%| E|CS|TAMS 0x00000000ad800000, 0x00000000ad800000| Complete 
| 217|0x00000000ad900000, 0x00000000ada00000, 0x00000000ada00000|100%| E|CS|TAMS 0x00000000ad900000, 0x00000000ad900000| Complete 
| 218|0x00000000ada00000, 0x00000000adb00000, 0x00000000adb00000|100%| E|CS|TAMS 0x00000000ada00000, 0x00000000ada00000| Complete 
| 219|0x00000000adb00000, 0x00000000adc00000, 0x00000000adc00000|100%| E|CS|TAMS 0x00000000adb00000, 0x00000000adb00000| Complete 
| 220|0x00000000adc00000, 0x00000000add00000, 0x00000000add00000|100%| E|CS|TAMS 0x00000000adc00000, 0x00000000adc00000| Complete 
| 221|0x00000000add00000, 0x00000000ade00000, 0x00000000ade00000|100%| E|CS|TAMS 0x00000000add00000, 0x00000000add00000| Complete 
| 222|0x00000000ade00000, 0x00000000adf00000, 0x00000000adf00000|100%| E|CS|TAMS 0x00000000ade00000, 0x00000000ade00000| Complete 
| 223|0x00000000adf00000, 0x00000000ae000000, 0x00000000ae000000|100%| E|CS|TAMS 0x00000000adf00000, 0x00000000adf00000| Complete 
| 224|0x00000000ae000000, 0x00000000ae100000, 0x00000000ae100000|100%| E|CS|TAMS 0x00000000ae000000, 0x00000000ae000000| Complete 
| 225|0x00000000ae100000, 0x00000000ae200000, 0x00000000ae200000|100%| E|CS|TAMS 0x00000000ae100000, 0x00000000ae100000| Complete 
| 226|0x00000000ae200000, 0x00000000ae2cbc40, 0x00000000ae300000| 79%| S|CS|TAMS 0x00000000ae200000, 0x00000000ae200000| Complete 
| 227|0x00000000ae300000, 0x00000000ae400000, 0x00000000ae400000|100%| S|CS|TAMS 0x00000000ae300000, 0x00000000ae300000| Complete 
| 228|0x00000000ae400000, 0x00000000ae500000, 0x00000000ae500000|100%| S|CS|TAMS 0x00000000ae400000, 0x00000000ae400000| Complete 
| 229|0x00000000ae500000, 0x00000000ae600000, 0x00000000ae600000|100%| S|CS|TAMS 0x00000000ae500000, 0x00000000ae500000| Complete 
| 230|0x00000000ae600000, 0x00000000ae700000, 0x00000000ae700000|100%| S|CS|TAMS 0x00000000ae600000, 0x00000000ae600000| Complete 
| 231|0x00000000ae700000, 0x00000000ae800000, 0x00000000ae800000|100%| E|CS|TAMS 0x00000000ae700000, 0x00000000ae700000| Complete 
| 232|0x00000000ae800000, 0x00000000ae900000, 0x00000000ae900000|100%| E|CS|TAMS 0x00000000ae800000, 0x00000000ae800000| Complete 
| 233|0x00000000ae900000, 0x00000000aea00000, 0x00000000aea00000|100%| E|CS|TAMS 0x00000000ae900000, 0x00000000ae900000| Complete 
| 234|0x00000000aea00000, 0x00000000aeb00000, 0x00000000aeb00000|100%| E|CS|TAMS 0x00000000aea00000, 0x00000000aea00000| Complete 
| 235|0x00000000aeb00000, 0x00000000aec00000, 0x00000000aec00000|100%| E|CS|TAMS 0x00000000aeb00000, 0x00000000aeb00000| Complete 
| 236|0x00000000aec00000, 0x00000000aed00000, 0x00000000aed00000|100%| E|CS|TAMS 0x00000000aec00000, 0x00000000aec00000| Complete 
| 237|0x00000000aed00000, 0x00000000aee00000, 0x00000000aee00000|100%| E|CS|TAMS 0x00000000aed00000, 0x00000000aed00000| Complete 
| 238|0x00000000aee00000, 0x00000000aef00000, 0x00000000aef00000|100%| E|CS|TAMS 0x00000000aee00000, 0x00000000aee00000| Complete 
| 239|0x00000000aef00000, 0x00000000af000000, 0x00000000af000000|100%| E|CS|TAMS 0x00000000aef00000, 0x00000000aef00000| Complete 
| 240|0x00000000af000000, 0x00000000af100000, 0x00000000af100000|100%| E|CS|TAMS 0x00000000af000000, 0x00000000af000000| Complete 
| 241|0x00000000af100000, 0x00000000af200000, 0x00000000af200000|100%| E|CS|TAMS 0x00000000af100000, 0x00000000af100000| Complete 
| 242|0x00000000af200000, 0x00000000af300000, 0x00000000af300000|100%| E|CS|TAMS 0x00000000af200000, 0x00000000af200000| Complete 
| 243|0x00000000af300000, 0x00000000af400000, 0x00000000af400000|100%| E|CS|TAMS 0x00000000af300000, 0x00000000af300000| Complete 
| 244|0x00000000af400000, 0x00000000af500000, 0x00000000af500000|100%| E|CS|TAMS 0x00000000af400000, 0x00000000af400000| Complete 
| 245|0x00000000af500000, 0x00000000af600000, 0x00000000af600000|100%| E|CS|TAMS 0x00000000af500000, 0x00000000af500000| Complete 
| 246|0x00000000af600000, 0x00000000af700000, 0x00000000af700000|100%| E|CS|TAMS 0x00000000af600000, 0x00000000af600000| Complete 
| 247|0x00000000af700000, 0x00000000af800000, 0x00000000af800000|100%| E|CS|TAMS 0x00000000af700000, 0x00000000af700000| Complete 
| 248|0x00000000af800000, 0x00000000af900000, 0x00000000af900000|100%| E|CS|TAMS 0x00000000af800000, 0x00000000af800000| Complete 
| 249|0x00000000af900000, 0x00000000afa00000, 0x00000000afa00000|100%| E|CS|TAMS 0x00000000af900000, 0x00000000af900000| Complete 
| 250|0x00000000afa00000, 0x00000000afb00000, 0x00000000afb00000|100%| E|CS|TAMS 0x00000000afa00000, 0x00000000afa00000| Complete 
| 251|0x00000000afb00000, 0x00000000afc00000, 0x00000000afc00000|100%| E|CS|TAMS 0x00000000afb00000, 0x00000000afb00000| Complete 

Card table byte_map: [0x0000015ad3930000,0x0000015ad3c30000] _byte_map_base: 0x0000015ad3430000

Marking Bits (Prev, Next): (CMBitMap*) 0x0000015abc54ecf8, (CMBitMap*) 0x0000015abc54ed30
 Prev Bits: [0x0000015ad3f30000, 0x0000015ad5730000)
 Next Bits: [0x0000015ad5730000, 0x0000015ad6f30000)

Polling page: 0x0000015abac30000

Metaspace:

Usage:
  Non-class:     99.25 MB capacity,    97.26 MB ( 98%) used,     1.59 MB (  2%) free+waste,   408.50 KB ( <1%) overhead. 
      Class:     15.58 MB capacity,    14.30 MB ( 92%) used,     1.11 MB (  7%) free+waste,   185.75 KB (  1%) overhead. 
       Both:    114.83 MB capacity,   111.56 MB ( 97%) used,     2.69 MB (  2%) free+waste,   594.25 KB ( <1%) overhead. 

Virtual space:
  Non-class space:      100.00 MB reserved,      99.50 MB (>99%) committed 
      Class space:        1.00 GB reserved,      15.88 MB (  2%) committed 
             Both:        1.10 GB reserved,     115.38 MB ( 10%) committed 

Chunk freelists:
   Non-Class:  16.63 KB
       Class:  29.25 KB
        Both:  45.88 KB

CodeHeap 'non-profiled nmethods': size=120000Kb used=12219Kb max_used=12219Kb free=107780Kb
 bounds [0x0000015acb6a0000, 0x0000015acc2a0000, 0x0000015ad2bd0000]
CodeHeap 'profiled nmethods': size=120000Kb used=38864Kb max_used=38864Kb free=81135Kb
 bounds [0x0000015ac4170000, 0x0000015ac6780000, 0x0000015acb6a0000]
CodeHeap 'non-nmethods': size=5760Kb used=2348Kb max_used=2415Kb free=3411Kb
 bounds [0x0000015ac3bd0000, 0x0000015ac3e40000, 0x0000015ac4170000]
 total_blobs=19737 nmethods=18772 adapters=874
 compilation: enabled
              stopped_count=0, restarted_count=0
 full_count=0

Compilation events (10 events):
Event: 1238.831 Thread 0x0000015ada2b5000 20710 %     3       com.android.tools.r8.internal.jj::a @ 77 (115 bytes)
Event: 1238.832 Thread 0x0000015ada2b5000 nmethod 20710% 0x0000015ac676db90 code [0x0000015ac676dee0, 0x0000015ac676f478]
Event: 1238.861 Thread 0x0000015ada2b5000 20711       3       com.android.tools.r8.internal.iG::a (115 bytes)
Event: 1238.862 Thread 0x0000015ada2b5000 nmethod 20711 0x0000015ac676fc90 code [0x0000015ac676fea0, 0x0000015ac67705a8]
Event: 1238.899 Thread 0x0000015ada2b5000 20712       1       net.rubygrapefruit.platform.internal.jni.NativeLogger$LogLevel::getLevel (5 bytes)
Event: 1238.900 Thread 0x0000015ada2b5000 nmethod 20712 0x0000015acc283490 code [0x0000015acc283620, 0x0000015acc2836d8]
Event: 1238.906 Thread 0x0000015ada2b5000 20713       3       java.util.concurrent.ForkJoinPool$WorkQueue::cancelAll (17 bytes)
Event: 1238.909 Thread 0x0000015ada2b5000 nmethod 20713 0x0000015ac6770890 code [0x0000015ac6770a60, 0x0000015ac6770ed8]
Event: 1238.932 Thread 0x0000015ada2b5000 20714       2       org.gradle.api.internal.file.collections.UnpackingVisitor::add (355 bytes)
Event: 1238.934 Thread 0x0000015ada2b5000 nmethod 20714 0x0000015ac6771090 code [0x0000015ac67713e0, 0x0000015ac6772748]

GC Heap History (10 events):
Event: 1237.964 GC heap before
{Heap before GC invocations=52 (full 0):
 garbage-first heap   total 258048K, used 158276K [0x00000000a0000000, 0x0000000100000000)
  region size 1024K, 12 young (12288K), 2 survivors (2048K)
 Metaspace       used 114190K, capacity 117504K, committed 118144K, reserved 1150976K
  class space    used 14637K, capacity 15955K, committed 16256K, reserved 1048576K
}
Event: 1237.973 GC heap after
{Heap after GC invocations=53 (full 0):
 garbage-first heap   total 258048K, used 149465K [0x00000000a0000000, 0x0000000100000000)
  region size 1024K, 2 young (2048K), 2 survivors (2048K)
 Metaspace       used 114190K, capacity 117504K, committed 118144K, reserved 1150976K
  class space    used 14637K, capacity 15955K, committed 16256K, reserved 1048576K
}
Event: 1238.030 GC heap before
{Heap before GC invocations=53 (full 0):
 garbage-first heap   total 258048K, used 158681K [0x00000000a0000000, 0x0000000100000000)
  region size 1024K, 12 young (12288K), 2 survivors (2048K)
 Metaspace       used 114192K, capacity 117504K, committed 118144K, reserved 1150976K
  class space    used 14637K, capacity 15955K, committed 16256K, reserved 1048576K
}
Event: 1238.035 GC heap after
{Heap after GC invocations=54 (full 0):
 garbage-first heap   total 258048K, used 150489K [0x00000000a0000000, 0x0000000100000000)
  region size 1024K, 3 young (3072K), 3 survivors (3072K)
 Metaspace       used 114192K, capacity 117504K, committed 118144K, reserved 1150976K
  class space    used 14637K, capacity 15955K, committed 16256K, reserved 1048576K
}
Event: 1238.527 GC heap before
{Heap before GC invocations=55 (full 0):
 garbage-first heap   total 258048K, used 189401K [0x00000000a0000000, 0x0000000100000000)
  region size 1024K, 42 young (43008K), 3 survivors (3072K)
 Metaspace       used 114204K, capacity 117512K, committed 118144K, reserved 1150976K
  class space    used 14637K, capacity 15955K, committed 16256K, reserved 1048576K
}
Event: 1238.539 GC heap after
{Heap after GC invocations=56 (full 0):
 garbage-first heap   total 258048K, used 155136K [0x00000000a0000000, 0x0000000100000000)
  region size 1024K, 6 young (6144K), 6 survivors (6144K)
 Metaspace       used 114204K, capacity 117512K, committed 118144K, reserved 1150976K
  class space    used 14637K, capacity 15955K, committed 16256K, reserved 1048576K
}
Event: 1238.545 GC heap before
{Heap before GC invocations=56 (full 0):
 garbage-first heap   total 258048K, used 161280K [0x00000000a0000000, 0x0000000100000000)
  region size 1024K, 12 young (12288K), 6 survivors (6144K)
 Metaspace       used 114204K, capacity 117512K, committed 118144K, reserved 1150976K
  class space    used 14637K, capacity 15955K, committed 16256K, reserved 1048576K
}
Event: 1238.561 GC heap after
{Heap after GC invocations=57 (full 0):
 garbage-first heap   total 258048K, used 149076K [0x00000000a0000000, 0x0000000100000000)
  region size 1024K, 2 young (2048K), 2 survivors (2048K)
 Metaspace       used 114204K, capacity 117512K, committed 118144K, reserved 1150976K
  class space    used 14637K, capacity 15955K, committed 16256K, reserved 1048576K
}
Event: 1238.582 GC heap before
{Heap before GC invocations=57 (full 0):
 garbage-first heap   total 258048K, used 167508K [0x00000000a0000000, 0x0000000100000000)
  region size 1024K, 21 young (21504K), 2 survivors (2048K)
 Metaspace       used 114204K, capacity 117512K, committed 118144K, reserved 1150976K
  class space    used 14637K, capacity 15955K, committed 16256K, reserved 1048576K
}
Event: 1238.590 GC heap after
{Heap after GC invocations=58 (full 0):
 garbage-first heap   total 258048K, used 152639K [0x00000000a0000000, 0x0000000100000000)
  region size 1024K, 5 young (5120K), 5 survivors (5120K)
 Metaspace       used 114204K, capacity 117512K, committed 118144K, reserved 1150976K
  class space    used 14637K, capacity 15955K, committed 16256K, reserved 1048576K
}

Deoptimization events (10 events):
Event: 1237.161 Thread 0x0000015ae125d000 Uncommon trap: reason=profile_predicate action=maybe_recompile pc=0x0000015acc129d20 method=com.android.tools.r8.dex.j.a(I[Lcom/android/tools/r8/internal/Vf;[Lcom/android/tools/r8/internal/Wf;Z)[Lcom/android/tools/r8/graph/q0; @ 650 c2
Event: 1237.163 Thread 0x0000015ae125d000 Uncommon trap: reason=profile_predicate action=maybe_recompile pc=0x0000015acc129d20 method=com.android.tools.r8.dex.j.a(I[Lcom/android/tools/r8/internal/Vf;[Lcom/android/tools/r8/internal/Wf;Z)[Lcom/android/tools/r8/graph/q0; @ 650 c2
Event: 1237.163 Thread 0x0000015ae125d000 Uncommon trap: reason=profile_predicate action=maybe_recompile pc=0x0000015acc129d20 method=com.android.tools.r8.dex.j.a(I[Lcom/android/tools/r8/internal/Vf;[Lcom/android/tools/r8/internal/Wf;Z)[Lcom/android/tools/r8/graph/q0; @ 650 c2
Event: 1237.165 Thread 0x0000015ae125d000 Uncommon trap: reason=profile_predicate action=maybe_recompile pc=0x0000015acc129d20 method=com.android.tools.r8.dex.j.a(I[Lcom/android/tools/r8/internal/Vf;[Lcom/android/tools/r8/internal/Wf;Z)[Lcom/android/tools/r8/graph/q0; @ 650 c2
Event: 1237.232 Thread 0x0000015ae125d000 Uncommon trap: reason=unstable_if action=reinterpret pc=0x0000015acc106e70 method=com.android.tools.r8.code.y1.a(Ljava/nio/ShortBuffer;IILcom/android/tools/r8/internal/mI;)[Lcom/android/tools/r8/code/w1; @ 301 c2
Event: 1238.128 Thread 0x0000015ae125a800 Uncommon trap: reason=array_check action=maybe_recompile pc=0x0000015acc1390b4 method=java.util.TimSort.reverseRange([Ljava/lang/Object;II)V @ 27 c2
Event: 1238.128 Thread 0x0000015ae125a800 Uncommon trap: reason=array_check action=maybe_recompile pc=0x0000015acc1390b4 method=java.util.TimSort.reverseRange([Ljava/lang/Object;II)V @ 27 c2
Event: 1238.128 Thread 0x0000015ae125a800 Uncommon trap: reason=array_check action=maybe_recompile pc=0x0000015acc133ba4 method=java.util.TimSort.reverseRange([Ljava/lang/Object;II)V @ 27 c2
Event: 1238.497 Thread 0x0000015ae125e800 Uncommon trap: reason=class_check action=make_not_entrant pc=0x0000015acc158d84 method=java.util.ArrayList$SubList.toArray([Ljava/lang/Object;)[Ljava/lang/Object; @ 37 c2
Event: 1238.595 Thread 0x0000015ae125e800 Uncommon trap: reason=unstable_if action=reinterpret pc=0x0000015acc260300 method=java.util.TimSort.gallopLeft(Ljava/lang/Object;[Ljava/lang/Object;IIILjava/util/Comparator;)I @ 113 c2

Classes redefined (0 events):
No events

Internal exceptions (10 events):
Event: 1236.729 Thread 0x0000015ae658c000 Exception <a 'sun/nio/fs/WindowsException'{0x00000000adf5a258}> (0x00000000adf5a258) thrown at [./open/src/hotspot/share/prims/jni.cpp, line 611]
Event: 1236.729 Thread 0x0000015ae658c000 Exception <a 'sun/nio/fs/WindowsException'{0x00000000adf5a640}> (0x00000000adf5a640) thrown at [./open/src/hotspot/share/prims/jni.cpp, line 611]
Event: 1236.742 Thread 0x0000015ae658c000 Exception <a 'sun/nio/fs/WindowsException'{0x00000000add18220}> (0x00000000add18220) thrown at [./open/src/hotspot/share/prims/jni.cpp, line 611]
Event: 1236.742 Thread 0x0000015ae658c000 Exception <a 'sun/nio/fs/WindowsException'{0x00000000add185f8}> (0x00000000add185f8) thrown at [./open/src/hotspot/share/prims/jni.cpp, line 611]
Event: 1236.748 Thread 0x0000015ae658c000 Exception <a 'sun/nio/fs/WindowsException'{0x00000000add64e80}> (0x00000000add64e80) thrown at [./open/src/hotspot/share/prims/jni.cpp, line 611]
Event: 1236.754 Thread 0x0000015ae658c000 Exception <a 'sun/nio/fs/WindowsException'{0x00000000add8bff0}> (0x00000000add8bff0) thrown at [./open/src/hotspot/share/prims/jni.cpp, line 611]
Event: 1236.853 Thread 0x0000015ae6595000 Exception <a 'sun/nio/fs/WindowsException'{0x00000000ad659550}> (0x00000000ad659550) thrown at [./open/src/hotspot/share/prims/jni.cpp, line 611]
Event: 1236.964 Thread 0x0000015ae6595000 Exception <a 'sun/nio/fs/WindowsException'{0x00000000af95e1d8}> (0x00000000af95e1d8) thrown at [./open/src/hotspot/share/prims/jni.cpp, line 611]
Event: 1237.046 Thread 0x0000015ae125a800 Exception <a 'sun/nio/fs/WindowsException'{0x00000000afbf1138}> (0x00000000afbf1138) thrown at [./open/src/hotspot/share/prims/jni.cpp, line 611]
Event: 1238.899 Thread 0x0000015ae125e800 Exception <a 'sun/nio/fs/WindowsException'{0x00000000ad4c5a10}> (0x00000000ad4c5a10) thrown at [./open/src/hotspot/share/prims/jni.cpp, line 611]

Events (10 events):
Event: 1238.908 Executing VM operation: RevokeBias
Event: 1238.908 Thread 0x0000015ae125d000 Thread exited: 0x0000015ae125d000
Event: 1238.908 Executing VM operation: RevokeBias done
Event: 1238.908 Thread 0x0000015ae125c000 Thread exited: 0x0000015ae125c000
Event: 1238.908 Thread 0x0000015ae1257800 Thread exited: 0x0000015ae1257800
Event: 1238.908 Thread 0x0000015ae1261000 Thread exited: 0x0000015ae1261000
Event: 1238.908 Executing VM operation: RevokeBias
Event: 1238.908 Executing VM operation: RevokeBias done
Event: 1238.909 Thread 0x0000015ae125b800 Thread exited: 0x0000015ae125b800
Event: 1238.909 Thread 0x0000015ae125e800 Thread exited: 0x0000015ae125e800


Dynamic libraries:
0x00007ff7a0940000 - 0x00007ff7a094f000 	C:\Program Files\Java\jdk-11.0.16\bin\java.exe
0x00007fff8d430000 - 0x00007fff8d628000 	C:\WINDOWS\SYSTEM32\ntdll.dll
0x00007fff8b520000 - 0x00007fff8b5dd000 	C:\WINDOWS\System32\KERNEL32.DLL
0x00007fff8ab50000 - 0x00007fff8ae1e000 	C:\WINDOWS\System32\KERNELBASE.dll
0x00007fff8b300000 - 0x00007fff8b400000 	C:\WINDOWS\System32\ucrtbase.dll
0x00007fff84000000 - 0x00007fff84018000 	C:\Program Files\Java\jdk-11.0.16\bin\jli.dll
0x00007fff83fd0000 - 0x00007fff83fe5000 	C:\Program Files\Java\jdk-11.0.16\bin\VCRUNTIME140.dll
0x00007fff8bee0000 - 0x00007fff8bf8e000 	C:\WINDOWS\System32\ADVAPI32.dll
0x00007fff8d350000 - 0x00007fff8d3ee000 	C:\WINDOWS\System32\msvcrt.dll
0x00007fff8b710000 - 0x00007fff8b7ac000 	C:\WINDOWS\System32\sechost.dll
0x00007fff8bc10000 - 0x00007fff8bd35000 	C:\WINDOWS\System32\RPCRT4.dll
0x00007fff8bd40000 - 0x00007fff8bee0000 	C:\WINDOWS\System32\USER32.dll
0x00007fff8b030000 - 0x00007fff8b052000 	C:\WINDOWS\System32\win32u.dll
0x00007fff7c940000 - 0x00007fff7cbda000 	C:\WINDOWS\WinSxS\amd64_microsoft.windows.common-controls_6595b64144ccf1df_6.0.19041.1110_none_60b5254171f9507e\COMCTL32.dll
0x00007fff8b490000 - 0x00007fff8b4ba000 	C:\WINDOWS\System32\GDI32.dll
0x00007fff8b090000 - 0x00007fff8b19b000 	C:\WINDOWS\System32\gdi32full.dll
0x00007fff8b1a0000 - 0x00007fff8b23d000 	C:\WINDOWS\System32\msvcp_win.dll
0x00007fff7bde0000 - 0x00007fff7bdea000 	C:\WINDOWS\SYSTEM32\VERSION.dll
0x00007fff8bbe0000 - 0x00007fff8bc10000 	C:\WINDOWS\System32\IMM32.DLL
0x00007fff748d0000 - 0x00007fff7496b000 	C:\Program Files\Java\jdk-11.0.16\bin\msvcp140.dll
0x00007fff13a50000 - 0x00007fff14568000 	C:\Program Files\Java\jdk-11.0.16\bin\server\jvm.dll
0x00007fff8b960000 - 0x00007fff8b968000 	C:\WINDOWS\System32\PSAPI.DLL
0x00007fff7a780000 - 0x00007fff7a7a7000 	C:\WINDOWS\SYSTEM32\WINMM.dll
0x00007fff88af0000 - 0x00007fff88af9000 	C:\WINDOWS\SYSTEM32\WSOCK32.dll
0x00007fff8baa0000 - 0x00007fff8bb0b000 	C:\WINDOWS\System32\WS2_32.dll
0x00007fff89410000 - 0x00007fff89422000 	C:\WINDOWS\SYSTEM32\kernel.appcore.dll
0x00007fff83fc0000 - 0x00007fff83fd0000 	C:\Program Files\Java\jdk-11.0.16\bin\verify.dll
0x00007fff88900000 - 0x00007fff88ae4000 	C:\WINDOWS\SYSTEM32\DBGHELP.DLL
0x00007fff7c570000 - 0x00007fff7c59c000 	C:\WINDOWS\SYSTEM32\dbgcore.DLL
0x00007fff8b400000 - 0x00007fff8b482000 	C:\WINDOWS\System32\bcryptPrimitives.dll
0x00007fff836e0000 - 0x00007fff83708000 	C:\Program Files\Java\jdk-11.0.16\bin\java.dll
0x00007fff83fb0000 - 0x00007fff83fba000 	C:\Program Files\Java\jdk-11.0.16\bin\jimage.dll
0x00007fff836c0000 - 0x00007fff836d6000 	C:\Program Files\Java\jdk-11.0.16\bin\zip.dll
0x00007fff8cc00000 - 0x00007fff8d344000 	C:\WINDOWS\System32\SHELL32.dll
0x00007fff88c30000 - 0x00007fff893c4000 	C:\WINDOWS\SYSTEM32\windows.storage.dll
0x00007fff8c020000 - 0x00007fff8c374000 	C:\WINDOWS\System32\combase.dll
0x00007fff8a5b0000 - 0x00007fff8a5e0000 	C:\WINDOWS\SYSTEM32\Wldp.dll
0x00007fff8c4b0000 - 0x00007fff8c55d000 	C:\WINDOWS\System32\SHCORE.dll
0x00007fff8bb10000 - 0x00007fff8bb65000 	C:\WINDOWS\System32\shlwapi.dll
0x00007fff8aa90000 - 0x00007fff8aaaf000 	C:\WINDOWS\SYSTEM32\profapi.dll
0x00007fff836a0000 - 0x00007fff836b9000 	C:\Program Files\Java\jdk-11.0.16\bin\net.dll
0x00007fff7a2c0000 - 0x00007fff7a3ca000 	C:\WINDOWS\SYSTEM32\WINHTTP.dll
0x00007fff8a310000 - 0x00007fff8a37a000 	C:\WINDOWS\system32\mswsock.dll
0x00007fff831d0000 - 0x00007fff831e2000 	C:\Program Files\Java\jdk-11.0.16\bin\nio.dll
0x00007fff83d90000 - 0x00007fff83db7000 	C:\Users\lukas\.gradle\native\e1d6ef7f7dcc3fd88c89a11ec53ec762bb8ba0a96d01ffa2cd45eb1d1d8dd5c5\windows-amd64\native-platform.dll
0x00007fff6bfc0000 - 0x00007fff6c104000 	C:\Users\lukas\.gradle\native\5664cfc778a61ccfe75a443a1ab52a65af34e5dc3c78e0209fed803814484fcb\windows-amd64\native-platform-file-events.dll
0x00007fff83f70000 - 0x00007fff83f79000 	C:\Program Files\Java\jdk-11.0.16\bin\management.dll
0x00007fff83df0000 - 0x00007fff83dfb000 	C:\Program Files\Java\jdk-11.0.16\bin\management_ext.dll
0x00007fff8a500000 - 0x00007fff8a518000 	C:\WINDOWS\SYSTEM32\CRYPTSP.dll
0x00007fff89c20000 - 0x00007fff89c54000 	C:\WINDOWS\system32\rsaenh.dll
0x00007fff8b060000 - 0x00007fff8b087000 	C:\WINDOWS\System32\bcrypt.dll
0x00007fff8aa50000 - 0x00007fff8aa7e000 	C:\WINDOWS\SYSTEM32\USERENV.dll
0x00007fff8a520000 - 0x00007fff8a52c000 	C:\WINDOWS\SYSTEM32\CRYPTBASE.dll
0x00007fff89fb0000 - 0x00007fff89feb000 	C:\WINDOWS\SYSTEM32\IPHLPAPI.DLL
0x00007fff8c4a0000 - 0x00007fff8c4a8000 	C:\WINDOWS\System32\NSI.dll
0x00007fff82e20000 - 0x00007fff82e37000 	C:\WINDOWS\SYSTEM32\dhcpcsvc6.DLL
0x00007fff83320000 - 0x00007fff8333d000 	C:\WINDOWS\SYSTEM32\dhcpcsvc.DLL
0x00007fff89ff0000 - 0x00007fff8a0bb000 	C:\WINDOWS\SYSTEM32\DNSAPI.dll

dbghelp: loaded successfully - version: 4.0.5 - missing functions: none
symbol engine: initialized successfully - sym options: 0x614 - pdb path: .;C:\Program Files\Java\jdk-11.0.16\bin;C:\WINDOWS\SYSTEM32;C:\WINDOWS\WinSxS\amd64_microsoft.windows.common-controls_6595b64144ccf1df_6.0.19041.1110_none_60b5254171f9507e;C:\Program Files\Java\jdk-11.0.16\bin\server;C:\Users\lukas\.gradle\native\e1d6ef7f7dcc3fd88c89a11ec53ec762bb8ba0a96d01ffa2cd45eb1d1d8dd5c5\windows-amd64;C:\Users\lukas\.gradle\native\5664cfc778a61ccfe75a443a1ab52a65af34e5dc3c78e0209fed803814484fcb\windows-amd64

VM Arguments:
jvm_args: --add-opens=java.base/java.util=ALL-UNNAMED --add-opens=java.base/java.lang=ALL-UNNAMED --add-opens=java.base/java.lang.invoke=ALL-UNNAMED --add-opens=java.base/java.util=ALL-UNNAMED --add-opens=java.prefs/java.util.prefs=ALL-UNNAMED --add-opens=java.prefs/java.util.prefs=ALL-UNNAMED --add-opens=java.base/java.nio.charset=ALL-UNNAMED --add-opens=java.base/java.net=ALL-UNNAMED --add-opens=java.base/java.util.concurrent.atomic=ALL-UNNAMED -Xmx1536m -Dfile.encoding=windows-1252 -Duser.country=SK -Duser.language=sk -Duser.variant 
java_command: org.gradle.launcher.daemon.bootstrap.GradleDaemon 7.3.3
java_class_path (initial): C:\Users\lukas\.gradle\wrapper\dists\gradle-7.3.3-all\4295vidhdd9hd3gbjyw1xqxpo\gradle-7.3.3\lib\gradle-launcher-7.3.3.jar
Launcher Type: SUN_STANDARD

[Global flags]
     intx CICompilerCount                          = 4                                         {product} {ergonomic}
     uint ConcGCThreads                            = 2                                         {product} {ergonomic}
     uint G1ConcRefinementThreads                  = 8                                         {product} {ergonomic}
   size_t G1HeapRegionSize                         = 1048576                                   {product} {ergonomic}
    uintx GCDrainStackTargetSize                   = 64                                        {product} {ergonomic}
   size_t InitialHeapSize                          = 264241152                                 {product} {ergonomic}
   size_t MarkStackSize                            = 4194304                                   {product} {ergonomic}
   size_t MaxHeapSize                              = 1610612736                                {product} {command line}
   size_t MaxNewSize                               = 965738496                                 {product} {ergonomic}
   size_t MinHeapDeltaBytes                        = 1048576                                   {product} {ergonomic}
    uintx NonNMethodCodeHeapSize                   = 5836300                                {pd product} {ergonomic}
    uintx NonProfiledCodeHeapSize                  = 122910970                              {pd product} {ergonomic}
    uintx ProfiledCodeHeapSize                     = 122910970                              {pd product} {ergonomic}
    uintx ReservedCodeCacheSize                    = 251658240                              {pd product} {ergonomic}
     bool SegmentedCodeCache                       = true                                      {product} {ergonomic}
     bool UseCompressedClassPointers               = true                                 {lp64_product} {ergonomic}
     bool UseCompressedOops                        = true                                 {lp64_product} {ergonomic}
     bool UseG1GC                                  = true                                      {product} {ergonomic}
     bool UseLargePagesIndividualAllocation        = false                                  {pd product} {ergonomic}

Logging:
Log output configuration:
 #0: stdout all=warning uptime,level,tags
 #1: stderr all=off uptime,level,tags

Environment Variables:
JAVA_HOME=C:\Program Files\Java\jdk-11.0.16
PATH=C:\Program Files\Common Files\Oracle\Java\javapath;C:\Program Files (x86)\Business Objects\Common\3.5\bin\NOTES\;C:\Program Files (x86)\Business Objects\Common\3.5\bin\NOTES\DATA\;C:\Program Files (x86)\Common Files\Intel\Shared Libraries\redist\intel64_win\compiler;C:\Program Files (x86)\Common Files\Oracle\Java\javapath;C:\WINDOWS\system32;C:\WINDOWS;C:\WINDOWS\System32\Wbem;C:\WINDOWS\System32\WindowsPowerShell\v1.0\;C:\WINDOWS\System32\OpenSSH\;C:\Program Files (x86)\Intel\Intel(R) Management Engine Components\DAL;C:\Program Files\Intel\Intel(R) Management Engine Components\DAL;C:\Program Files\maven\apache-maven-3.6.3\bin;C:\Program Files\Git\cmd;C:\Program Files\Java\jdk-11.0.16\bin;%ZOOKEEPER_HOME%\bin;C:\Program Files\PuTTY\;C:\Program Files (x86)\EAC MW klient\;C:\Users\lukas\AppData\Local\Microsoft\WindowsApps;
USERNAME=lukas
OS=Windows_NT
PROCESSOR_IDENTIFIER=Intel64 Family 6 Model 94 Stepping 3, GenuineIntel



---------------  S Y S T E M  ---------------

OS: Windows 10 , 64 bit Build 19041 (10.0.19041.1806)

CPU:total 8 (initial active 8) (4 cores per cpu, 2 threads per core) family 6 model 94 stepping 3 microcode 0xcc, cmov, cx8, fxsr, mmx, sse, sse2, sse3, ssse3, sse4.1, sse4.2, popcnt, avx, avx2, aes, clmul, erms, rtm, 3dnowpref, lzcnt, ht, tsc, tscinvbit, bmi1, bmi2, adx, fma

Memory: 4k page, system-wide physical 16045M (6065M free)
TotalPageFile size 57005M (AvailPageFile size 45249M)
current process WorkingSet (physical memory assigned to process): 623M, peak: 626M
current process commit charge ("private bytes"): 662M, peak: 665M

vm_info: Java HotSpot(TM) 64-Bit Server VM (11.0.16+11-LTS-199) for windows-amd64 JRE (11.0.16+11-LTS-199), built on Jun 28 2022 08:23:17 by "mach5one" with MS VC++ 15.9 (VS2017)

END.
